This is XeTeX, Version 3.141592653-2.6-0.999993 (TeX Live 2022/dev/Debian) (preloaded format=xelatex 2023.6.2)  11 JUN 2023 17:28
entering extended mode
 \write18 enabled.
 %&-line parsing enabled.
**Speach.tex
(./Speach.tex
LaTeX2e <2021-11-15> patch level 1
L3 programming layer <2022-01-21> (/usr/share/texlive/texmf-dist/tex/latex/beam
er/beamer.cls
Document Class: beamer 2022/01/21 v3.65 A class for typesetting presentations
(/usr/share/texlive/texmf-dist/tex/latex/beamer/beamerbasemodes.sty (/usr/share
/texlive/texmf-dist/tex/latex/etoolbox/etoolbox.sty
Package: etoolbox 2020/10/05 v2.5k e-TeX tools for LaTeX (JAW)
\etb@tempcnta=\count181
)
\beamer@tempbox=\box50
\beamer@tempcount=\count182
\c@beamerpauses=\count183
(/usr/share/texlive/texmf-dist/tex/latex/beamer/beamerbasedecode.sty
\beamer@slideinframe=\count184
\beamer@minimum=\count185
\beamer@decode@box=\box51
)
\beamer@commentbox=\box52
\beamer@modecount=\count186
) (/usr/share/texlive/texmf-dist/tex/generic/iftex/ifpdf.sty
Package: ifpdf 2019/10/25 v3.4 ifpdf legacy package. Use iftex instead.
(/usr/share/texlive/texmf-dist/tex/generic/iftex/iftex.sty
Package: iftex 2020/03/06 v1.0d TeX engine tests
))
\headdp=\dimen138
\footheight=\dimen139
\sidebarheight=\dimen140
\beamer@tempdim=\dimen141
\beamer@finalheight=\dimen142
\beamer@animht=\dimen143
\beamer@animdp=\dimen144
\beamer@animwd=\dimen145
\beamer@leftmargin=\dimen146
\beamer@rightmargin=\dimen147
\beamer@leftsidebar=\dimen148
\beamer@rightsidebar=\dimen149
\beamer@boxsize=\dimen150
\beamer@vboxoffset=\dimen151
\beamer@descdefault=\dimen152
\beamer@descriptionwidth=\dimen153
\beamer@lastskip=\skip47
\beamer@areabox=\box53
\beamer@animcurrent=\box54
\beamer@animshowbox=\box55
\beamer@sectionbox=\box56
\beamer@logobox=\box57
\beamer@linebox=\box58
\beamer@sectioncount=\count187
\beamer@subsubsectionmax=\count188
\beamer@subsectionmax=\count189
\beamer@sectionmax=\count190
\beamer@totalheads=\count191
\beamer@headcounter=\count192
\beamer@partstartpage=\count193
\beamer@sectionstartpage=\count194
\beamer@subsectionstartpage=\count195
\beamer@animationtempa=\count196
\beamer@animationtempb=\count197
\beamer@xpos=\count198
\beamer@ypos=\count199
\beamer@ypos@offset=\count266
\beamer@showpartnumber=\count267
\beamer@currentsubsection=\count268
\beamer@coveringdepth=\count269
\beamer@sectionadjust=\count270
\beamer@toclastsection=\count271
\beamer@tocsectionnumber=\count272
(/usr/share/texlive/texmf-dist/tex/latex/beamer/beamerbaseoptions.sty (/usr/sha
re/texlive/texmf-dist/tex/latex/graphics/keyval.sty
Package: keyval 2014/10/28 v1.15 key=value parser (DPC)
\KV@toks@=\toks16
))
\beamer@paperwidth=\skip48
\beamer@paperheight=\skip49
(/usr/share/texlive/texmf-dist/tex/latex/geometry/geometry.sty
Package: geometry 2020/01/02 v5.9 Page Geometry
(/usr/share/texlive/texmf-dist/tex/generic/iftex/ifvtex.sty
Package: ifvtex 2019/10/25 v1.7 ifvtex legacy package. Use iftex instead.
)
\Gm@cnth=\count273
\Gm@cntv=\count274
\c@Gm@tempcnt=\count275
\Gm@bindingoffset=\dimen154
\Gm@wd@mp=\dimen155
\Gm@odd@mp=\dimen156
\Gm@even@mp=\dimen157
\Gm@layoutwidth=\dimen158
\Gm@layoutheight=\dimen159
\Gm@layouthoffset=\dimen160
\Gm@layoutvoffset=\dimen161
\Gm@dimlist=\toks17
) (/usr/share/texlive/texmf-dist/tex/latex/pgf/basiclayer/pgfcore.sty (/usr/sha
re/texlive/texmf-dist/tex/latex/graphics/graphicx.sty
Package: graphicx 2021/09/16 v1.2d Enhanced LaTeX Graphics (DPC,SPQR)
(/usr/share/texlive/texmf-dist/tex/latex/graphics/graphics.sty
Package: graphics 2021/03/04 v1.4d Standard LaTeX Graphics (DPC,SPQR)
(/usr/share/texlive/texmf-dist/tex/latex/graphics/trig.sty
Package: trig 2021/08/11 v1.11 sin cos tan (DPC)
) (/usr/share/texlive/texmf-dist/tex/latex/graphics-cfg/graphics.cfg
File: graphics.cfg 2016/06/04 v1.11 sample graphics configuration
)
Package graphics Info: Driver file: xetex.def on input line 107.
(/usr/share/texlive/texmf-dist/tex/latex/graphics-def/xetex.def
File: xetex.def 2021/03/18 v5.0k Graphics/color driver for xetex
))
\Gin@req@height=\dimen162
\Gin@req@width=\dimen163
) (/usr/share/texlive/texmf-dist/tex/latex/pgf/systemlayer/pgfsys.sty (/usr/sha
re/texlive/texmf-dist/tex/latex/pgf/utilities/pgfrcs.sty (/usr/share/texlive/te
xmf-dist/tex/generic/pgf/utilities/pgfutil-common.tex
\pgfutil@everybye=\toks18
\pgfutil@tempdima=\dimen164
\pgfutil@tempdimb=\dimen165

(/usr/share/texlive/texmf-dist/tex/generic/pgf/utilities/pgfutil-common-lists.t
ex)) (/usr/share/texlive/texmf-dist/tex/generic/pgf/utilities/pgfutil-latex.def
\pgfutil@abb=\box59
) (/usr/share/texlive/texmf-dist/tex/generic/pgf/utilities/pgfrcs.code.tex (/us
r/share/texlive/texmf-dist/tex/generic/pgf/pgf.revision.tex)
Package: pgfrcs 2021/05/15 v3.1.9a (3.1.9a)
)) (/usr/share/texlive/texmf-dist/tex/generic/pgf/systemlayer/pgfsys.code.tex
Package: pgfsys 2021/05/15 v3.1.9a (3.1.9a)
(/usr/share/texlive/texmf-dist/tex/generic/pgf/utilities/pgfkeys.code.tex
\pgfkeys@pathtoks=\toks19
\pgfkeys@temptoks=\toks20

(/usr/share/texlive/texmf-dist/tex/generic/pgf/utilities/pgfkeysfiltered.code.t
ex
\pgfkeys@tmptoks=\toks21
))
\pgf@x=\dimen166
\pgf@y=\dimen167
\pgf@xa=\dimen168
\pgf@ya=\dimen169
\pgf@xb=\dimen170
\pgf@yb=\dimen171
\pgf@xc=\dimen172
\pgf@yc=\dimen173
\pgf@xd=\dimen174
\pgf@yd=\dimen175
\w@pgf@writea=\write3
\r@pgf@reada=\read2
\c@pgf@counta=\count276
\c@pgf@countb=\count277
\c@pgf@countc=\count278
\c@pgf@countd=\count279
\t@pgf@toka=\toks22
\t@pgf@tokb=\toks23
\t@pgf@tokc=\toks24
\pgf@sys@id@count=\count280
(/usr/share/texlive/texmf-dist/tex/generic/pgf/systemlayer/pgf.cfg
File: pgf.cfg 2021/05/15 v3.1.9a (3.1.9a)
)
Driver file for pgf: pgfsys-xetex.def
(/usr/share/texlive/texmf-dist/tex/generic/pgf/systemlayer/pgfsys-xetex.def
File: pgfsys-xetex.def 2021/05/15 v3.1.9a (3.1.9a)
(/usr/share/texlive/texmf-dist/tex/generic/pgf/systemlayer/pgfsys-dvipdfmx.def
File: pgfsys-dvipdfmx.def 2021/05/15 v3.1.9a (3.1.9a)

(/usr/share/texlive/texmf-dist/tex/generic/pgf/systemlayer/pgfsys-common-pdf.de
f
File: pgfsys-common-pdf.def 2021/05/15 v3.1.9a (3.1.9a)
)
\pgfsys@objnum=\count281
)))
(/usr/share/texlive/texmf-dist/tex/generic/pgf/systemlayer/pgfsyssoftpath.code.
tex
File: pgfsyssoftpath.code.tex 2021/05/15 v3.1.9a (3.1.9a)
\pgfsyssoftpath@smallbuffer@items=\count282
\pgfsyssoftpath@bigbuffer@items=\count283
)
(/usr/share/texlive/texmf-dist/tex/generic/pgf/systemlayer/pgfsysprotocol.code.
tex
File: pgfsysprotocol.code.tex 2021/05/15 v3.1.9a (3.1.9a)
)) (/usr/share/texlive/texmf-dist/tex/latex/xcolor/xcolor.sty
Package: xcolor 2021/10/31 v2.13 LaTeX color extensions (UK)
(/usr/share/texlive/texmf-dist/tex/latex/graphics-cfg/color.cfg
File: color.cfg 2016/01/02 v1.6 sample color configuration
)
Package xcolor Info: Driver file: xetex.def on input line 227.
Package xcolor Info: Model `cmy' substituted by `cmy0' on input line 1352.
Package xcolor Info: Model `RGB' extended on input line 1368.
Package xcolor Info: Model `HTML' substituted by `rgb' on input line 1370.
Package xcolor Info: Model `Hsb' substituted by `hsb' on input line 1371.
Package xcolor Info: Model `tHsb' substituted by `hsb' on input line 1372.
Package xcolor Info: Model `HSB' substituted by `hsb' on input line 1373.
Package xcolor Info: Model `Gray' substituted by `gray' on input line 1374.
Package xcolor Info: Model `wave' substituted by `hsb' on input line 1375.
) (/usr/share/texlive/texmf-dist/tex/generic/pgf/basiclayer/pgfcore.code.tex
Package: pgfcore 2021/05/15 v3.1.9a (3.1.9a)
(/usr/share/texlive/texmf-dist/tex/generic/pgf/math/pgfmath.code.tex (/usr/shar
e/texlive/texmf-dist/tex/generic/pgf/math/pgfmathcalc.code.tex (/usr/share/texl
ive/texmf-dist/tex/generic/pgf/math/pgfmathutil.code.tex) (/usr/share/texlive/t
exmf-dist/tex/generic/pgf/math/pgfmathparser.code.tex
\pgfmath@dimen=\dimen176
\pgfmath@count=\count284
\pgfmath@box=\box60
\pgfmath@toks=\toks25
\pgfmath@stack@operand=\toks26
\pgfmath@stack@operation=\toks27
) (/usr/share/texlive/texmf-dist/tex/generic/pgf/math/pgfmathfunctions.code.tex

(/usr/share/texlive/texmf-dist/tex/generic/pgf/math/pgfmathfunctions.basic.code
.tex)
(/usr/share/texlive/texmf-dist/tex/generic/pgf/math/pgfmathfunctions.trigonomet
ric.code.tex)
(/usr/share/texlive/texmf-dist/tex/generic/pgf/math/pgfmathfunctions.random.cod
e.tex)
(/usr/share/texlive/texmf-dist/tex/generic/pgf/math/pgfmathfunctions.comparison
.code.tex)
(/usr/share/texlive/texmf-dist/tex/generic/pgf/math/pgfmathfunctions.base.code.
tex)
(/usr/share/texlive/texmf-dist/tex/generic/pgf/math/pgfmathfunctions.round.code
.tex)
(/usr/share/texlive/texmf-dist/tex/generic/pgf/math/pgfmathfunctions.misc.code.
tex)
(/usr/share/texlive/texmf-dist/tex/generic/pgf/math/pgfmathfunctions.integerari
thmetics.code.tex))) (/usr/share/texlive/texmf-dist/tex/generic/pgf/math/pgfmat
hfloat.code.tex
\c@pgfmathroundto@lastzeros=\count285
)) (/usr/share/texlive/texmf-dist/tex/generic/pgf/math/pgfint.code.tex)
(/usr/share/texlive/texmf-dist/tex/generic/pgf/basiclayer/pgfcorepoints.code.te
x
File: pgfcorepoints.code.tex 2021/05/15 v3.1.9a (3.1.9a)
\pgf@picminx=\dimen177
\pgf@picmaxx=\dimen178
\pgf@picminy=\dimen179
\pgf@picmaxy=\dimen180
\pgf@pathminx=\dimen181
\pgf@pathmaxx=\dimen182
\pgf@pathminy=\dimen183
\pgf@pathmaxy=\dimen184
\pgf@xx=\dimen185
\pgf@xy=\dimen186
\pgf@yx=\dimen187
\pgf@yy=\dimen188
\pgf@zx=\dimen189
\pgf@zy=\dimen190
)
(/usr/share/texlive/texmf-dist/tex/generic/pgf/basiclayer/pgfcorepathconstruct.
code.tex
File: pgfcorepathconstruct.code.tex 2021/05/15 v3.1.9a (3.1.9a)
\pgf@path@lastx=\dimen191
\pgf@path@lasty=\dimen192
)
(/usr/share/texlive/texmf-dist/tex/generic/pgf/basiclayer/pgfcorepathusage.code
.tex
File: pgfcorepathusage.code.tex 2021/05/15 v3.1.9a (3.1.9a)
\pgf@shorten@end@additional=\dimen193
\pgf@shorten@start@additional=\dimen194
)
(/usr/share/texlive/texmf-dist/tex/generic/pgf/basiclayer/pgfcorescopes.code.te
x
File: pgfcorescopes.code.tex 2021/05/15 v3.1.9a (3.1.9a)
\pgfpic=\box61
\pgf@hbox=\box62
\pgf@layerbox@main=\box63
\pgf@picture@serial@count=\count286
)
(/usr/share/texlive/texmf-dist/tex/generic/pgf/basiclayer/pgfcoregraphicstate.c
ode.tex
File: pgfcoregraphicstate.code.tex 2021/05/15 v3.1.9a (3.1.9a)
\pgflinewidth=\dimen195
)
(/usr/share/texlive/texmf-dist/tex/generic/pgf/basiclayer/pgfcoretransformation
s.code.tex
File: pgfcoretransformations.code.tex 2021/05/15 v3.1.9a (3.1.9a)
\pgf@pt@x=\dimen196
\pgf@pt@y=\dimen197
\pgf@pt@temp=\dimen198
)
(/usr/share/texlive/texmf-dist/tex/generic/pgf/basiclayer/pgfcorequick.code.tex
File: pgfcorequick.code.tex 2021/05/15 v3.1.9a (3.1.9a)
)
(/usr/share/texlive/texmf-dist/tex/generic/pgf/basiclayer/pgfcoreobjects.code.t
ex
File: pgfcoreobjects.code.tex 2021/05/15 v3.1.9a (3.1.9a)
)
(/usr/share/texlive/texmf-dist/tex/generic/pgf/basiclayer/pgfcorepathprocessing
.code.tex
File: pgfcorepathprocessing.code.tex 2021/05/15 v3.1.9a (3.1.9a)
)
(/usr/share/texlive/texmf-dist/tex/generic/pgf/basiclayer/pgfcorearrows.code.te
x
File: pgfcorearrows.code.tex 2021/05/15 v3.1.9a (3.1.9a)
\pgfarrowsep=\dimen199
)
(/usr/share/texlive/texmf-dist/tex/generic/pgf/basiclayer/pgfcoreshade.code.tex
File: pgfcoreshade.code.tex 2021/05/15 v3.1.9a (3.1.9a)
\pgf@max=\dimen256
\pgf@sys@shading@range@num=\count287
\pgf@shadingcount=\count288
)
(/usr/share/texlive/texmf-dist/tex/generic/pgf/basiclayer/pgfcoreimage.code.tex
File: pgfcoreimage.code.tex 2021/05/15 v3.1.9a (3.1.9a)

(/usr/share/texlive/texmf-dist/tex/generic/pgf/basiclayer/pgfcoreexternal.code.
tex
File: pgfcoreexternal.code.tex 2021/05/15 v3.1.9a (3.1.9a)
\pgfexternal@startupbox=\box64
))
(/usr/share/texlive/texmf-dist/tex/generic/pgf/basiclayer/pgfcorelayers.code.te
x
File: pgfcorelayers.code.tex 2021/05/15 v3.1.9a (3.1.9a)
)
(/usr/share/texlive/texmf-dist/tex/generic/pgf/basiclayer/pgfcoretransparency.c
ode.tex
File: pgfcoretransparency.code.tex 2021/05/15 v3.1.9a (3.1.9a)
)
(/usr/share/texlive/texmf-dist/tex/generic/pgf/basiclayer/pgfcorepatterns.code.
tex
File: pgfcorepatterns.code.tex 2021/05/15 v3.1.9a (3.1.9a)
) (/usr/share/texlive/texmf-dist/tex/generic/pgf/basiclayer/pgfcorerdf.code.tex
File: pgfcorerdf.code.tex 2021/05/15 v3.1.9a (3.1.9a)
))) (/usr/share/texlive/texmf-dist/tex/latex/base/size11.clo
File: size11.clo 2021/10/04 v1.4n Standard LaTeX file (size option)
) (/usr/share/texlive/texmf-dist/tex/latex/pgf/utilities/xxcolor.sty
Package: xxcolor 2003/10/24 ver 0.1
\XC@nummixins=\count289
\XC@countmixins=\count290
) (/usr/share/texlive/texmf-dist/tex/latex/base/atbegshi-ltx.sty
Package: atbegshi-ltx 2021/01/10 v1.0c Emulation of the original atbegshi
package with kernel methods
) (/usr/share/texlive/texmf-dist/tex/latex/hyperref/hyperref.sty
Package: hyperref 2021-06-07 v7.00m Hypertext links for LaTeX
(/usr/share/texlive/texmf-dist/tex/generic/ltxcmds/ltxcmds.sty
Package: ltxcmds 2020-05-10 v1.25 LaTeX kernel commands for general use (HO)
) (/usr/share/texlive/texmf-dist/tex/generic/pdftexcmds/pdftexcmds.sty
Package: pdftexcmds 2020-06-27 v0.33 Utility functions of pdfTeX for LuaTeX (HO
)
(/usr/share/texlive/texmf-dist/tex/generic/infwarerr/infwarerr.sty
Package: infwarerr 2019/12/03 v1.5 Providing info/warning/error messages (HO)
)
Package pdftexcmds Info: \pdf@primitive is available.
Package pdftexcmds Info: \pdf@ifprimitive is available.
Package pdftexcmds Info: \pdfdraftmode not found.
) (/usr/share/texlive/texmf-dist/tex/generic/kvsetkeys/kvsetkeys.sty
Package: kvsetkeys 2019/12/15 v1.18 Key value parser (HO)
) (/usr/share/texlive/texmf-dist/tex/generic/kvdefinekeys/kvdefinekeys.sty
Package: kvdefinekeys 2019-12-19 v1.6 Define keys (HO)
) (/usr/share/texlive/texmf-dist/tex/generic/pdfescape/pdfescape.sty
Package: pdfescape 2019/12/09 v1.15 Implements pdfTeX's escape features (HO)
) (/usr/share/texlive/texmf-dist/tex/latex/hycolor/hycolor.sty
Package: hycolor 2020-01-27 v1.10 Color options for hyperref/bookmark (HO)
) (/usr/share/texlive/texmf-dist/tex/latex/letltxmacro/letltxmacro.sty
Package: letltxmacro 2019/12/03 v1.6 Let assignment for LaTeX macros (HO)
) (/usr/share/texlive/texmf-dist/tex/latex/auxhook/auxhook.sty
Package: auxhook 2019-12-17 v1.6 Hooks for auxiliary files (HO)
) (/usr/share/texlive/texmf-dist/tex/latex/kvoptions/kvoptions.sty
Package: kvoptions 2020-10-07 v3.14 Key value format for package options (HO)
)
\@linkdim=\dimen257
\Hy@linkcounter=\count291
\Hy@pagecounter=\count292
(/usr/share/texlive/texmf-dist/tex/latex/hyperref/pd1enc.def
File: pd1enc.def 2021-06-07 v7.00m Hyperref: PDFDocEncoding definition (HO)
) (/usr/share/texlive/texmf-dist/tex/latex/hyperref/hyperref-langpatches.def
File: hyperref-langpatches.def 2021-06-07 v7.00m Hyperref: patches for babel la
nguages
) (/usr/share/texlive/texmf-dist/tex/generic/intcalc/intcalc.sty
Package: intcalc 2019/12/15 v1.3 Expandable calculations with integers (HO)
) (/usr/share/texlive/texmf-dist/tex/generic/etexcmds/etexcmds.sty
Package: etexcmds 2019/12/15 v1.7 Avoid name clashes with e-TeX commands (HO)
)
\Hy@SavedSpaceFactor=\count293
(/usr/share/texlive/texmf-dist/tex/latex/hyperref/puenc.def
File: puenc.def 2021-06-07 v7.00m Hyperref: PDF Unicode definition (HO)
)
Package hyperref Info: Option `bookmarks' set `true' on input line 4073.
Package hyperref Info: Option `bookmarksopen' set `true' on input line 4073.
Package hyperref Info: Option `implicit' set `false' on input line 4073.
Package hyperref Info: Hyper figures OFF on input line 4192.
Package hyperref Info: Link nesting OFF on input line 4197.
Package hyperref Info: Hyper index ON on input line 4200.
Package hyperref Info: Plain pages OFF on input line 4207.
Package hyperref Info: Backreferencing OFF on input line 4212.
Package hyperref Info: Implicit mode OFF; no redefinition of LaTeX internals.
Package hyperref Info: Bookmarks ON on input line 4445.
\c@Hy@tempcnt=\count294
(/usr/share/texlive/texmf-dist/tex/latex/url/url.sty
\Urlmuskip=\muskip16
Package: url 2013/09/16  ver 3.4  Verb mode for urls, etc.
)
LaTeX Info: Redefining \url on input line 4804.
\XeTeXLinkMargin=\dimen258
(/usr/share/texlive/texmf-dist/tex/generic/bitset/bitset.sty
Package: bitset 2019/12/09 v1.3 Handle bit-vector datatype (HO)
(/usr/share/texlive/texmf-dist/tex/generic/bigintcalc/bigintcalc.sty
Package: bigintcalc 2019/12/15 v1.5 Expandable calculations on big integers (HO
)
))
\Fld@menulength=\count295
\Field@Width=\dimen259
\Fld@charsize=\dimen260
Package hyperref Info: Hyper figures OFF on input line 6076.
Package hyperref Info: Link nesting OFF on input line 6081.
Package hyperref Info: Hyper index ON on input line 6084.
Package hyperref Info: backreferencing OFF on input line 6091.
Package hyperref Info: Link coloring OFF on input line 6096.
Package hyperref Info: Link coloring with OCG OFF on input line 6101.
Package hyperref Info: PDF/A mode OFF on input line 6106.
LaTeX Info: Redefining \ref on input line 6146.
LaTeX Info: Redefining \pageref on input line 6150.
\Hy@abspage=\count296

Package hyperref Message: Stopped early.

)
Package hyperref Info: Driver (autodetected): hxetex.
(/usr/share/texlive/texmf-dist/tex/latex/hyperref/hxetex.def
File: hxetex.def 2021-06-07 v7.00m Hyperref driver for XeTeX
(/usr/share/texlive/texmf-dist/tex/generic/stringenc/stringenc.sty
Package: stringenc 2019/11/29 v1.12 Convert strings between diff. encodings (HO
)
)
\pdfm@box=\box65
\c@Hy@AnnotLevel=\count297
\HyField@AnnotCount=\count298
\Fld@listcount=\count299
\c@bookmark@seq@number=\count300
(/usr/share/texlive/texmf-dist/tex/latex/rerunfilecheck/rerunfilecheck.sty
Package: rerunfilecheck 2019/12/05 v1.9 Rerun checks for auxiliary files (HO)
(/usr/share/texlive/texmf-dist/tex/latex/base/atveryend-ltx.sty
Package: atveryend-ltx 2020/08/19 v1.0a Emulation of the original atveryend pac
kage
with kernel methods
) (/usr/share/texlive/texmf-dist/tex/generic/uniquecounter/uniquecounter.sty
Package: uniquecounter 2019/12/15 v1.4 Provide unlimited unique counter (HO)
)
Package uniquecounter Info: New unique counter `rerunfilecheck' on input line 2
86.
)) (/usr/share/texlive/texmf-dist/tex/latex/beamer/beamerbaserequires.sty (/usr
/share/texlive/texmf-dist/tex/latex/beamer/beamerbasecompatibility.sty) (/usr/s
hare/texlive/texmf-dist/tex/latex/beamer/beamerbasefont.sty (/usr/share/texlive
/texmf-dist/tex/latex/amsfonts/amssymb.sty
Package: amssymb 2013/01/14 v3.01 AMS font symbols
(/usr/share/texlive/texmf-dist/tex/latex/amsfonts/amsfonts.sty
Package: amsfonts 2013/01/14 v3.01 Basic AMSFonts support
\@emptytoks=\toks28
\symAMSa=\mathgroup4
\symAMSb=\mathgroup5
LaTeX Font Info:    Redeclaring math symbol \hbar on input line 98.
LaTeX Font Info:    Overwriting math alphabet `\mathfrak' in version `bold'
(Font)                  U/euf/m/n --> U/euf/b/n on input line 106.
)) (/usr/share/texlive/texmf-dist/tex/latex/sansmathaccent/sansmathaccent.sty
Package: sansmathaccent 2020/01/31
(/usr/share/texlive/texmf-dist/tex/latex/koma-script/scrlfile.sty
Package: scrlfile 2021/11/13 v3.35 KOMA-Script package (file load hooks)
(/usr/share/texlive/texmf-dist/tex/latex/koma-script/scrlfile-hook.sty
Package: scrlfile-hook 2021/11/13 v3.35 KOMA-Script package (using LaTeX hooks)

(/usr/share/texlive/texmf-dist/tex/latex/koma-script/scrlogo.sty
Package: scrlogo 2021/11/13 v3.35 KOMA-Script package (logo)
))))) (/usr/share/texlive/texmf-dist/tex/latex/beamer/beamerbasetranslator.sty 
(/usr/share/texlive/texmf-dist/tex/latex/translator/translator.sty
Package: translator 2021-05-31 v1.12d Easy translation of strings in LaTeX
)) (/usr/share/texlive/texmf-dist/tex/latex/beamer/beamerbasemisc.sty) (/usr/sh
are/texlive/texmf-dist/tex/latex/beamer/beamerbasetwoscreens.sty) (/usr/share/t
exlive/texmf-dist/tex/latex/beamer/beamerbaseoverlay.sty
\beamer@argscount=\count301
\beamer@lastskipcover=\skip50
\beamer@trivlistdepth=\count302
) (/usr/share/texlive/texmf-dist/tex/latex/beamer/beamerbasetitle.sty) (/usr/sh
are/texlive/texmf-dist/tex/latex/beamer/beamerbasesection.sty
\c@lecture=\count303
\c@part=\count304
\c@section=\count305
\c@subsection=\count306
\c@subsubsection=\count307
) (/usr/share/texlive/texmf-dist/tex/latex/beamer/beamerbaseframe.sty
\beamer@framebox=\box66
\beamer@frametitlebox=\box67
\beamer@zoombox=\box68
\beamer@zoomcount=\count308
\beamer@zoomframecount=\count309
\beamer@frametextheight=\dimen261
\c@subsectionslide=\count310
\beamer@frametopskip=\skip51
\beamer@framebottomskip=\skip52
\beamer@frametopskipautobreak=\skip53
\beamer@framebottomskipautobreak=\skip54
\beamer@envbody=\toks29
\framewidth=\dimen262
\c@framenumber=\count311
) (/usr/share/texlive/texmf-dist/tex/latex/beamer/beamerbaseverbatim.sty
\beamer@verbatimfileout=\write4
) (/usr/share/texlive/texmf-dist/tex/latex/beamer/beamerbaseframesize.sty
\beamer@splitbox=\box69
\beamer@autobreakcount=\count312
\beamer@autobreaklastheight=\dimen263
\beamer@frametitletoks=\toks30
\beamer@framesubtitletoks=\toks31
) (/usr/share/texlive/texmf-dist/tex/latex/beamer/beamerbaseframecomponents.sty
\beamer@footins=\box70
) (/usr/share/texlive/texmf-dist/tex/latex/beamer/beamerbasecolor.sty) (/usr/sh
are/texlive/texmf-dist/tex/latex/beamer/beamerbasenotes.sty
\beamer@frameboxcopy=\box71
) (/usr/share/texlive/texmf-dist/tex/latex/beamer/beamerbasetoc.sty) (/usr/shar
e/texlive/texmf-dist/tex/latex/beamer/beamerbasetemplates.sty
\beamer@sbttoks=\toks32
(/usr/share/texlive/texmf-dist/tex/latex/beamer/beamerbaseauxtemplates.sty (/us
r/share/texlive/texmf-dist/tex/latex/beamer/beamerbaseboxes.sty
\bmb@box=\box72
\bmb@colorbox=\box73
\bmb@boxwidth=\dimen264
\bmb@boxheight=\dimen265
\bmb@prevheight=\dimen266
\bmb@temp=\dimen267
\bmb@dima=\dimen268
\bmb@dimb=\dimen269
\bmb@prevheight=\dimen270
)
\beamer@blockheadheight=\dimen271
)) (/usr/share/texlive/texmf-dist/tex/latex/beamer/beamerbaselocalstructure.sty
(/usr/share/texlive/texmf-dist/tex/latex/tools/enumerate.sty
Package: enumerate 2015/07/23 v3.00 enumerate extensions (DPC)
\@enLab=\toks33
)
\beamer@bibiconwidth=\skip55
\c@figure=\count313
\c@table=\count314
\abovecaptionskip=\skip56
\belowcaptionskip=\skip57
) (/usr/share/texlive/texmf-dist/tex/latex/beamer/beamerbasenavigation.sty
\beamer@section@min@dim=\dimen272
) (/usr/share/texlive/texmf-dist/tex/latex/beamer/beamerbasetheorems.sty (/usr/
share/texlive/texmf-dist/tex/latex/amsmath/amsmath.sty
Package: amsmath 2021/10/15 v2.17l AMS math features
\@mathmargin=\skip58
For additional information on amsmath, use the `?' option.
(/usr/share/texlive/texmf-dist/tex/latex/amsmath/amstext.sty
Package: amstext 2021/08/26 v2.01 AMS text
(/usr/share/texlive/texmf-dist/tex/latex/amsmath/amsgen.sty
File: amsgen.sty 1999/11/30 v2.0 generic functions
\@emptytoks=\toks34
\ex@=\dimen273
)) (/usr/share/texlive/texmf-dist/tex/latex/amsmath/amsbsy.sty
Package: amsbsy 1999/11/29 v1.2d Bold Symbols
\pmbraise@=\dimen274
) (/usr/share/texlive/texmf-dist/tex/latex/amsmath/amsopn.sty
Package: amsopn 2021/08/26 v2.02 operator names
)
\inf@bad=\count315
LaTeX Info: Redefining \frac on input line 234.
\uproot@=\count316
\leftroot@=\count317
LaTeX Info: Redefining \overline on input line 399.
\classnum@=\count318
\DOTSCASE@=\count319
LaTeX Info: Redefining \ldots on input line 496.
LaTeX Info: Redefining \dots on input line 499.
LaTeX Info: Redefining \cdots on input line 620.
\Mathstrutbox@=\box74
\strutbox@=\box75
\big@size=\dimen275
LaTeX Font Info:    Redeclaring font encoding OML on input line 743.
LaTeX Font Info:    Redeclaring font encoding OMS on input line 744.
\macc@depth=\count320
\c@MaxMatrixCols=\count321
\dotsspace@=\muskip17
\c@parentequation=\count322
\dspbrk@lvl=\count323
\tag@help=\toks35
\row@=\count324
\column@=\count325
\maxfields@=\count326
\andhelp@=\toks36
\eqnshift@=\dimen276
\alignsep@=\dimen277
\tagshift@=\dimen278
\tagwidth@=\dimen279
\totwidth@=\dimen280
\lineht@=\dimen281
\@envbody=\toks37
\multlinegap=\skip59
\multlinetaggap=\skip60
\mathdisplay@stack=\toks38
LaTeX Info: Redefining \[ on input line 2938.
LaTeX Info: Redefining \] on input line 2939.
) (/usr/share/texlive/texmf-dist/tex/latex/amscls/amsthm.sty
Package: amsthm 2020/05/29 v2.20.6
\thm@style=\toks39
\thm@bodyfont=\toks40
\thm@headfont=\toks41
\thm@notefont=\toks42
\thm@headpunct=\toks43
\thm@preskip=\skip61
\thm@postskip=\skip62
\thm@headsep=\skip63
\dth@everypar=\toks44
)
\c@theorem=\count327
) (/usr/share/texlive/texmf-dist/tex/latex/beamer/beamerbasethemes.sty)) (/usr/
share/texlive/texmf-dist/tex/latex/beamer/beamerthemedefault.sty (/usr/share/te
xlive/texmf-dist/tex/latex/beamer/beamerfontthemedefault.sty) (/usr/share/texli
ve/texmf-dist/tex/latex/beamer/beamercolorthemedefault.sty) (/usr/share/texlive
/texmf-dist/tex/latex/beamer/beamerinnerthemedefault.sty
\beamer@dima=\dimen282
\beamer@dimb=\dimen283
) (/usr/share/texlive/texmf-dist/tex/latex/beamer/beamerouterthemedefault.sty))
) (/usr/share/texlive/texmf-dist/tex/latex/base/inputenc.sty
Package: inputenc 2021/02/14 v1.3d Input encoding file
\inpenc@prehook=\toks45
\inpenc@posthook=\toks46

Package inputenc Warning: inputenc package ignored with utf8 based engines.

) (/usr/share/texlive/texmf-dist/tex/generic/babel/babel.sty
Package: babel 2022/01/26 3.70 The Babel package
\babel@savecnt=\count328
\U@D=\dimen284
\l@unhyphenated=\language87
(/usr/share/texlive/texmf-dist/tex/generic/babel/xebabel.def (/usr/share/texliv
e/texmf-dist/tex/generic/babel/txtbabel.def))
\bbl@readstream=\read3
LaTeX Info: Redefining \textlatin on input line 3967.
\bbl@dirlevel=\count329
(/usr/share/texlive/texmf-dist/tex/generic/babel-russian/russianb.ldf
File: russianb.ldf 2021/01/10 1.3m Russian support for the Babel system
Language: russian 2020/09/09 1.3k Russian support for the Babel system
Package babel Info: Making " an active character on input line 124.
Package babel Info: Default for \cyrdash is provided on input line 163.
)) (/usr/share/texlive/texmf-dist/tex/latex/caption/subcaption.sty
Package: subcaption 2020/10/07 v1.3j Sub-captions (AR)
(/usr/share/texlive/texmf-dist/tex/latex/caption/caption.sty
Package: caption 2020/10/26 v3.5g Customizing captions (AR)
(/usr/share/texlive/texmf-dist/tex/latex/caption/caption3.sty
Package: caption3 2020/10/21 v2.2e caption3 kernel (AR)
\captionmargin=\dimen285
\captionmargin@=\dimen286
\captionwidth=\dimen287
\caption@tempdima=\dimen288
\caption@indent=\dimen289
\caption@parindent=\dimen290
\caption@hangindent=\dimen291
Package caption Info: beamer document class detected.
(/usr/share/texlive/texmf-dist/tex/latex/caption/caption-beamer.sto
File: caption-beamer.sto 2020/08/22 v2.0 Adaption of the caption package to the
 beamer document classes (AR)
))
\c@caption@flags=\count330
\c@continuedfloat=\count331
Package caption Info: hyperref package is loaded.
Package caption Info: Hyperref support is turned off
(caption)             because hyperref has stopped early.
)
\c@subfigure=\count332
\c@subtable=\count333
) (./ITMOtemplate.sty (/usr/share/texlive/texmf-dist/tex/latex/base/fontenc.sty
Package: fontenc 2021/04/29 v2.0v Standard LaTeX package
LaTeX Font Info:    Trying to load font information for T1+lmss on input line 1
12.
(/usr/share/texmf/tex/latex/lm/t1lmss.fd
File: t1lmss.fd 2009/10/30 v1.6 Font defs for Latin Modern
)) (/usr/share/texlive/texmf-dist/tex/latex/tcolorbox/tcolorbox.sty
Package: tcolorbox 2022/01/07 version 5.0.2 text color boxes
(/usr/share/texlive/texmf-dist/tex/latex/pgf/basiclayer/pgf.sty
Package: pgf 2021/05/15 v3.1.9a (3.1.9a)

(/usr/share/texlive/texmf-dist/tex/generic/pgf/modules/pgfmoduleshapes.code.tex
File: pgfmoduleshapes.code.tex 2021/05/15 v3.1.9a (3.1.9a)
\pgfnodeparttextbox=\box76
) (/usr/share/texlive/texmf-dist/tex/generic/pgf/modules/pgfmoduleplot.code.tex
File: pgfmoduleplot.code.tex 2021/05/15 v3.1.9a (3.1.9a)
)
(/usr/share/texlive/texmf-dist/tex/latex/pgf/compatibility/pgfcomp-version-0-65
.sty
Package: pgfcomp-version-0-65 2021/05/15 v3.1.9a (3.1.9a)
\pgf@nodesepstart=\dimen292
\pgf@nodesepend=\dimen293
)
(/usr/share/texlive/texmf-dist/tex/latex/pgf/compatibility/pgfcomp-version-1-18
.sty
Package: pgfcomp-version-1-18 2021/05/15 v3.1.9a (3.1.9a)
)) (/usr/share/texlive/texmf-dist/tex/latex/tools/verbatim.sty
Package: verbatim 2020-07-07 v1.5u LaTeX2e package for verbatim enhancements
\every@verbatim=\toks47
\verbatim@line=\toks48
\verbatim@in@stream=\read4
) (/usr/share/texlive/texmf-dist/tex/latex/environ/environ.sty
Package: environ 2014/05/04 v0.3 A new way to define environments
(/usr/share/texlive/texmf-dist/tex/latex/trimspaces/trimspaces.sty
Package: trimspaces 2009/09/17 v1.1 Trim spaces around a token list
))
\tcb@titlebox=\box77
\tcb@upperbox=\box78
\tcb@lowerbox=\box79
\tcb@phantombox=\box80
\c@tcbbreakpart=\count334
\c@tcblayer=\count335
\c@tcolorbox@number=\count336
\tcb@temp=\box81
\tcb@temp=\box82
\tcb@temp=\box83
\tcb@temp=\box84
(/usr/share/texlive/texmf-dist/tex/latex/tcolorbox/tcbraster.code.tex
Library (tcolorbox): 'tcbraster.code.tex' version '5.0.2'
\c@tcbrastercolumn=\count337
\c@tcbrasterrow=\count338
\c@tcbrasternum=\count339
\c@tcbraster=\count340
) (/usr/share/texlive/texmf-dist/tex/latex/tcolorbox/tcbskins.code.tex
Library (tcolorbox): 'tcbskins.code.tex' version '5.0.2'
(/usr/share/texlive/texmf-dist/tex/latex/pgf/frontendlayer/tikz.sty (/usr/share
/texlive/texmf-dist/tex/latex/pgf/utilities/pgffor.sty (/usr/share/texlive/texm
f-dist/tex/latex/pgf/utilities/pgfkeys.sty (/usr/share/texlive/texmf-dist/tex/g
eneric/pgf/utilities/pgfkeys.code.tex)) (/usr/share/texlive/texmf-dist/tex/late
x/pgf/math/pgfmath.sty (/usr/share/texlive/texmf-dist/tex/generic/pgf/math/pgfm
ath.code.tex)) (/usr/share/texlive/texmf-dist/tex/generic/pgf/utilities/pgffor.
code.tex
Package: pgffor 2021/05/15 v3.1.9a (3.1.9a)
(/usr/share/texlive/texmf-dist/tex/generic/pgf/math/pgfmath.code.tex)
\pgffor@iter=\dimen294
\pgffor@skip=\dimen295
\pgffor@stack=\toks49
\pgffor@toks=\toks50
))
(/usr/share/texlive/texmf-dist/tex/generic/pgf/frontendlayer/tikz/tikz.code.tex
Package: tikz 2021/05/15 v3.1.9a (3.1.9a)

(/usr/share/texlive/texmf-dist/tex/generic/pgf/libraries/pgflibraryplothandlers
.code.tex
File: pgflibraryplothandlers.code.tex 2021/05/15 v3.1.9a (3.1.9a)
\pgf@plot@mark@count=\count341
\pgfplotmarksize=\dimen296
)
\tikz@lastx=\dimen297
\tikz@lasty=\dimen298
\tikz@lastxsaved=\dimen299
\tikz@lastysaved=\dimen300
\tikz@lastmovetox=\dimen301
\tikz@lastmovetoy=\dimen302
\tikzleveldistance=\dimen303
\tikzsiblingdistance=\dimen304
\tikz@figbox=\box85
\tikz@figbox@bg=\box86
\tikz@tempbox=\box87
\tikz@tempbox@bg=\box88
\tikztreelevel=\count342
\tikznumberofchildren=\count343
\tikznumberofcurrentchild=\count344
\tikz@fig@count=\count345

(/usr/share/texlive/texmf-dist/tex/generic/pgf/modules/pgfmodulematrix.code.tex
File: pgfmodulematrix.code.tex 2021/05/15 v3.1.9a (3.1.9a)
\pgfmatrixcurrentrow=\count346
\pgfmatrixcurrentcolumn=\count347
\pgf@matrix@numberofcolumns=\count348
)
\tikz@expandcount=\count349

(/usr/share/texlive/texmf-dist/tex/generic/pgf/frontendlayer/tikz/libraries/tik
zlibrarytopaths.code.tex
File: tikzlibrarytopaths.code.tex 2021/05/15 v3.1.9a (3.1.9a)
)))
\tcb@waterbox=\box89
(/usr/share/texlive/texmf-dist/tex/latex/tcolorbox/tcbskinsjigsaw.code.tex
Library (tcolorbox): 'tcbskinsjigsaw.code.tex' version '5.0.2'
)) (/usr/share/texlive/texmf-dist/tex/latex/tcolorbox/tcbbreakable.code.tex
Library (tcolorbox): 'tcbbreakable.code.tex' version '5.0.2'
(/usr/share/texlive/texmf-dist/tex/generic/oberdiek/pdfcol.sty
Package: pdfcol 2019/12/29 v1.6 Handle new color stacks for pdfTeX (HO)
Package pdfcol Info: Interface disabled because of missing PDF mode of pdfTeX.
)
Package pdfcol Info: pdfTeX's color stacks are not available.
\tcb@testbox=\box90
\tcb@totalupperbox=\box91
\tcb@totallowerbox=\box92
) (/usr/share/texlive/texmf-dist/tex/latex/tcolorbox/tcbhooks.code.tex
Library (tcolorbox): 'tcbhooks.code.tex' version '5.0.2'
) (/usr/share/texlive/texmf-dist/tex/latex/tcolorbox/tcbtheorems.code.tex
Library (tcolorbox): 'tcbtheorems.code.tex' version '5.0.2'
) (/usr/share/texlive/texmf-dist/tex/latex/tcolorbox/tcbfitting.code.tex
Library (tcolorbox): 'tcbfitting.code.tex' version '5.0.2'
\tcbfitdim=\dimen305
\tcb@lowerfitdim=\dimen306
\tcb@upperfitdim=\dimen307
\tcb@cur@hbadness=\count350
) (/usr/share/texlive/texmf-dist/tex/latex/tcolorbox/tcbxparse.code.tex
Library (tcolorbox): 'tcbxparse.code.tex' version '5.0.2'
(/usr/share/texlive/texmf-dist/tex/latex/l3packages/xparse/xparse.sty (/usr/sha
re/texlive/texmf-dist/tex/latex/l3kernel/expl3.sty
Package: expl3 2022-01-21 L3 programming layer (loader) 
(/usr/share/texlive/texmf-dist/tex/latex/l3backend/l3backend-xetex.def
File: l3backend-xetex.def 2022-01-12 L3 backend support: XeTeX
(|extractbb --version)
\c__kernel_sys_dvipdfmx_version_int=\count351
\l__color_backend_stack_int=\count352
\g__color_backend_stack_int=\count353
\g__graphics_track_int=\count354
\l__pdf_internal_box=\box93
\g__pdf_backend_object_int=\count355
\g__pdf_backend_annotation_int=\count356
\g__pdf_backend_link_int=\count357
))
Package: xparse 2022-01-12 L3 Experimental document command parser
)) (/usr/share/texlive/texmf-dist/tex/latex/tcolorbox/tcblistingsutf8.code.tex
Library (tcolorbox): 'tcblistingsutf8.code.tex' version '5.0.2'
(/usr/share/texlive/texmf-dist/tex/latex/tcolorbox/tcblistings.code.tex
Library (tcolorbox): 'tcblistings.code.tex' version '5.0.2'
(/usr/share/texlive/texmf-dist/tex/latex/listings/listings.sty
\lst@mode=\count358
\lst@gtempboxa=\box94
\lst@token=\toks51
\lst@length=\count359
\lst@currlwidth=\dimen308
\lst@column=\count360
\lst@pos=\count361
\lst@lostspace=\dimen309
\lst@width=\dimen310
\lst@newlines=\count362
\lst@lineno=\count363
\lst@maxwidth=\dimen311
(/usr/share/texlive/texmf-dist/tex/latex/listings/lstmisc.sty
File: lstmisc.sty 2020/03/24 1.8d (Carsten Heinz)
\c@lstnumber=\count364
\lst@skipnumbers=\count365
\lst@framebox=\box95
) (/usr/share/texlive/texmf-dist/tex/latex/listings/listings.cfg
File: listings.cfg 2020/03/24 1.8d listings configuration
))
Package: listings 2020/03/24 1.8d (Carsten Heinz)
(/usr/share/texlive/texmf-dist/tex/latex/tcolorbox/tcblistingscore.code.tex
Library (tcolorbox): 'tcblistingscore.code.tex' version '5.0.2'
(/usr/share/texlive/texmf-dist/tex/latex/tcolorbox/tcbprocessing.code.tex
Library (tcolorbox): 'tcbprocessing.code.tex' version '5.0.2'
(/usr/share/texlive/texmf-dist/tex/latex/tools/shellesc.sty
Package: shellesc 2019/11/08 v1.0c unified shell escape interface for LaTeX
Package shellesc Info: Unrestricted shell escape enabled on input line 75.
))
\c@tcblisting=\count366
))
Package tcolorbox Info: Library `listingsutf8' is compatible with pdftex only. 
Library `listings` is loaded instead. on input line 29.
) (/usr/share/texlive/texmf-dist/tex/latex/tcolorbox/tcbexternal.code.tex
Library (tcolorbox): 'tcbexternal.code.tex' version '5.0.2'
) (/usr/share/texlive/texmf-dist/tex/latex/tcolorbox/tcbmagazine.code.tex
Library (tcolorbox): 'tcbmagazine.code.tex' version '5.0.2'
) (/usr/share/texlive/texmf-dist/tex/latex/tcolorbox/tcbvignette.code.tex
Library (tcolorbox): 'tcbvignette.code.tex' version '5.0.2'

(/usr/share/texlive/texmf-dist/tex/generic/pgf/frontendlayer/tikz/libraries/tik
zlibraryfadings.code.tex
File: tikzlibraryfadings.code.tex 2021/05/15 v3.1.9a (3.1.9a)

(/usr/share/texlive/texmf-dist/tex/generic/pgf/libraries/pgflibraryfadings.code
.tex
File: pgflibraryfadings.code.tex 2021/05/15 v3.1.9a (3.1.9a)
))) (/usr/share/texlive/texmf-dist/tex/latex/tcolorbox/tcbposter.code.tex
Library (tcolorbox): 'tcbposter.code.tex' version '5.0.2'
)) (/usr/share/texlive/texmf-dist/tex/latex/adjustbox/adjustbox.sty
Package: adjustbox 2020/08/19 v1.3 Adjusting TeX boxes (trim, clip, ...)
(/usr/share/texlive/texmf-dist/tex/latex/xkeyval/xkeyval.sty
Package: xkeyval 2020/11/20 v2.8 package option processing (HA)
(/usr/share/texlive/texmf-dist/tex/generic/xkeyval/xkeyval.tex (/usr/share/texl
ive/texmf-dist/tex/generic/xkeyval/xkvutils.tex
\XKV@toks=\toks52
\XKV@tempa@toks=\toks53
)
\XKV@depth=\count367
File: xkeyval.tex 2014/12/03 v2.7a key=value parser (HA)
)) (/usr/share/texlive/texmf-dist/tex/latex/adjustbox/adjcalc.sty
Package: adjcalc 2012/05/16 v1.1 Provides advanced setlength with multiple back
-ends (calc, etex, pgfmath)
) (/usr/share/texlive/texmf-dist/tex/latex/adjustbox/trimclip.sty
Package: trimclip 2020/08/19 v1.2 Trim and clip general TeX material
(/usr/share/texlive/texmf-dist/tex/latex/collectbox/collectbox.sty
Package: collectbox 2012/05/17 v0.4b Collect macro arguments as boxes
\collectedbox=\box96
)
\tc@llx=\dimen312
\tc@lly=\dimen313
\tc@urx=\dimen314
\tc@ury=\dimen315
Package trimclip Info: Using driver 'tc-xetex.def'.
(/usr/share/texlive/texmf-dist/tex/latex/adjustbox/tc-xetex.def
File: tc-xetex.def 2019/01/04 v2.2 Clipping driver for xetex
))
\adjbox@Width=\dimen316
\adjbox@Height=\dimen317
\adjbox@Depth=\dimen318
\adjbox@Totalheight=\dimen319
\adjbox@pwidth=\dimen320
\adjbox@pheight=\dimen321
\adjbox@pdepth=\dimen322
\adjbox@ptotalheight=\dimen323
(/usr/share/texlive/texmf-dist/tex/latex/ifoddpage/ifoddpage.sty
Package: ifoddpage 2016/04/23 v1.1 Conditionals for odd/even page detection
\c@checkoddpage=\count368
) (/usr/share/texlive/texmf-dist/tex/latex/varwidth/varwidth.sty
Package: varwidth 2009/03/30 ver 0.92;  Variable-width minipages
\@vwid@box=\box97
\sift@deathcycles=\count369
\@vwid@loff=\dimen324
\@vwid@roff=\dimen325
)) (/usr/share/texlive/texmf-dist/tex/generic/iftex/ifxetex.sty
Package: ifxetex 2019/10/25 v0.7 ifxetex legacy package. Use iftex instead.
) (/usr/share/texlive/texmf-dist/tex/latex/fontspec/fontspec.sty
Package: fontspec 2022/01/15 v2.8a Font selection for XeLaTeX and LuaLaTeX
(/usr/share/texlive/texmf-dist/tex/latex/fontspec/fontspec-xetex.sty
Package: fontspec-xetex 2022/01/15 v2.8a Font selection for XeLaTeX and LuaLaTe
X
\l__fontspec_script_int=\count370
\l__fontspec_language_int=\count371
\l__fontspec_strnum_int=\count372
\l__fontspec_tmp_int=\count373
\l__fontspec_tmpa_int=\count374
\l__fontspec_tmpb_int=\count375
\l__fontspec_tmpc_int=\count376
\l__fontspec_em_int=\count377
\l__fontspec_emdef_int=\count378
\l__fontspec_strong_int=\count379
\l__fontspec_strongdef_int=\count380
\l__fontspec_tmpa_dim=\dimen326
\l__fontspec_tmpb_dim=\dimen327
\l__fontspec_tmpc_dim=\dimen328
(/usr/share/texlive/texmf-dist/tex/latex/base/fontenc.sty
Package: fontenc 2021/04/29 v2.0v Standard LaTeX package
) (/usr/share/texlive/texmf-dist/tex/latex/fontspec/fontspec.cfg)))

Package fontspec Info: Font family 'ALSSchlangesans.ttf(0)' created for font
(fontspec)             'ALSSchlangesans.ttf' with options
(fontspec)             [Ligatures=TeX,BoldFont={ALSSchlangesans-Bold.ttf},Itali
cFont={ALSSchlangesans-Light.ttf},BoldItalicFont={ALSSchlangesans-Black.ttf}].
(fontspec)              
(fontspec)              This font family consists of the following NFSS
(fontspec)             series/shapes:
(fontspec)              
(fontspec)             - 'normal' (m/n) with NFSS spec.:
(fontspec)             <->"[ALSSchlangesans.ttf]/OT:script=latn;language=dflt;m
apping=tex-text;"
(fontspec)             - 'small caps'  (m/sc) with NFSS spec.: 
(fontspec)             - 'bold' (b/n) with NFSS spec.:
(fontspec)             <->"[ALSSchlangesans-Bold.ttf]/OT:script=latn;language=d
flt;mapping=tex-text;"
(fontspec)             - 'bold small caps'  (b/sc) with NFSS spec.: 
(fontspec)             - 'italic' (m/it) with NFSS spec.:
(fontspec)             <->"[ALSSchlangesans-Light.ttf]/OT:script=latn;language=
dflt;mapping=tex-text;"
(fontspec)             - 'italic small caps'  (m/scit) with NFSS spec.: 
(fontspec)             - 'bold italic' (b/it) with NFSS spec.:
(fontspec)             <->"[ALSSchlangesans-Black.ttf]/OT:script=latn;language=
dflt;mapping=tex-text;"
(fontspec)             - 'bold italic small caps'  (b/scit) with NFSS spec.: 

(/usr/share/texlive/texmf-dist/tex/latex/beamer/beamerfontthemeserif.sty)
\c@fancycount=\count381
\mybox=\box98
\c@theo=\count382
\c@exmpl=\count383
) (/usr/share/texlive/texmf-dist/tex/latex/algorithms/algorithm.sty
Invalid UTF-8 byte or sequence at line 11 replaced by U+FFFD.
Package: algorithm 2009/08/24 v0.1 Document Style `algorithm' - floating enviro
nment
(/usr/share/texlive/texmf-dist/tex/latex/float/float.sty
Package: float 2001/11/08 v1.3d Float enhancements (AL)
\c@float@type=\count384
\float@exts=\toks54
\float@box=\box99
\@float@everytoks=\toks55
\@floatcapt=\box100
) (/usr/share/texlive/texmf-dist/tex/latex/base/ifthen.sty
Package: ifthen 2020/11/24 v1.1c Standard LaTeX ifthen package (DPC)
)
\@float@every@algorithm=\toks56
\c@algorithm=\count385
) (/usr/share/texlive/texmf-dist/tex/latex/algorithmicx/algpseudocode.sty
Package: algpseudocode 
(/usr/share/texlive/texmf-dist/tex/latex/algorithmicx/algorithmicx.sty
Package: algorithmicx 2005/04/27 v1.2 Algorithmicx
Document Style algorithmicx 1.2 - a greatly improved `algorithmic' style
\c@ALG@line=\count386
\c@ALG@rem=\count387
\c@ALG@nested=\count388
\ALG@tlm=\skip64
\ALG@thistlm=\skip65
\c@ALG@Lnr=\count389
\c@ALG@blocknr=\count390
\c@ALG@storecount=\count391
\c@ALG@tmpcounter=\count392
\ALG@tmplength=\skip66
)
Document Style - pseudocode environments for use with the `algorithmicx' style
) (/usr/share/texlive/texmf-dist/tex/latex/animate/animate.sty
Package: animate 2022/01/31 PDF & SVG animations from files and inline graphics

(/usr/share/texlive/texmf-dist/tex/latex/oberdiek/ifdraft.sty
Package: ifdraft 2016/05/16 v1.4 Detect class options draft and final (HO)
) (/usr/share/texlive/texmf-dist/tex/latex/tools/calc.sty
Package: calc 2017/05/25 v4.3 Infix arithmetic (KKT,FJ)
\calc@Acount=\count393
\calc@Bcount=\count394
\calc@Adimen=\dimen329
\calc@Bdimen=\dimen330
\calc@Askip=\skip67
\calc@Bskip=\skip68
LaTeX Info: Redefining \setlength on input line 80.
LaTeX Info: Redefining \addtolength on input line 81.
\calc@Ccount=\count395
\calc@Cskip=\skip69
) (/usr/share/texlive/texmf-dist/tex/latex/zref/zref-abspage.sty
Package: zref-abspage 2020-07-03 v2.32 Module abspage for zref (HO)
(/usr/share/texlive/texmf-dist/tex/latex/zref/zref-base.sty
Package: zref-base 2020-07-03 v2.32 Module base for zref (HO)
Package zref Info: New property list: main on input line 764.
Package zref Info: New property: default on input line 765.
Package zref Info: New property: page on input line 766.
)
\c@abspage=\count396
Package zref Info: New property: abspage on input line 66.
) (/usr/share/texlive/texmf-dist/tex/latex/media9/pdfbase.sty (/usr/share/texli
ve/texmf-dist/tex/latex/l3packages/l3keys2e/l3keys2e.sty
Package: l3keys2e 2022-01-12 LaTeX2e option processing using LaTeX3 keys
)
Package: pdfbase 2021/09/12 v0.53 driver independent access to low-level PDF fe
atures
\g_pbs_page_int=\count397
\g_pbs_obj_int=\count398
\g_pbs_oc_int=\count399
) (/usr/share/texlive/texmf-dist/tex/latex/ocgx2/ocgbase.sty
Package: ocgbase 2021/06/11 v0.20 support package for ocgx2.sty
\g_ocgbase_nd_int=\count400
)
\@anim@box=\box101
\@anim@measbox=\box102
\@anim@tmpdima=\dimen331
\@anim@tmpdimb=\dimen332
\@anim@num=\count401
\@anim@curframe=\count402
\@anim@curframe@zb=\count403
\@anim@resizeflags=\count404
\@anim@skipfram=\count405
\@anim@mulframecnt=\count406
\@anim@@tmlnfile=\read5
\@anim@tmpcnt=\count407
\c@@anim@ltxcnt=\count408
\@anim@curlayer=\count409
\@anim@lineno=\count410
\@anim@curfield=\count411
\@anim@@resizeflags=\count412
)

! LaTeX Error: Option clash for package xcolor.

See the LaTeX manual or LaTeX Companion for explanation.
Type  H <return>  for immediate help.
 ...                                              
                                                  
l.32 \makeatletter
                  
The package xcolor has already been loaded with options:
  []
There has now been an attempt to load it with options
  [svgnames]
Adding the global options:
  ,svgnames
to your \documentclass declaration may fix this.
Try typing  <return>  to proceed.


! LaTeX Error: Command \R already defined.
               Or name \end... illegal, see p.192 of the manual.

See the LaTeX manual or LaTeX Companion for explanation.
Type  H <return>  for immediate help.
 ...                                              
                                                  
l.39 \newcommand{\R}{\mathbb{R}}
                                
Your command was ignored.
Type  I <command> <return>  to replace it with another command,
or  <return>  to continue without it.


Package hyperref Warning: Token not allowed in a PDF string (Unicode):
(hyperref)                removing `\hfill' on input line 50.


Package hyperref Warning: Token not allowed in a PDF string (Unicode):
(hyperref)                removing `\hfill' on input line 50.


Package hyperref Warning: Token not allowed in a PDF string (Unicode):
(hyperref)                removing `\<let>-command' on input line 64.


Package hyperref Warning: Token not allowed in a PDF string (Unicode):
(hyperref)                removing `\\' on input line 64.


Package hyperref Warning: Token not allowed in a PDF string (Unicode):
(hyperref)                removing `\@centercr' on input line 64.


Package hyperref Warning: Token not allowed in a PDF string (Unicode):
(hyperref)                removing `\rightskip' on input line 64.


Package hyperref Warning: Token not allowed in a PDF string (Unicode):
(hyperref)                removing `\@flushglue' on input line 64.


Package hyperref Warning: Token not allowed in a PDF string (Unicode):
(hyperref)                removing `\leftskip' on input line 64.


Package hyperref Warning: Token not allowed in a PDF string (Unicode):
(hyperref)                removing `\@flushglue' on input line 64.


Package hyperref Warning: Token not allowed in a PDF string (Unicode):
(hyperref)                removing `\finalhyphendemerits' on input line 64.


Package hyperref Warning: Token not allowed in a PDF string (Unicode):
(hyperref)                removing `\z@' on input line 64.


Package hyperref Warning: Token not allowed in a PDF string (Unicode):
(hyperref)                removing `\parindent' on input line 64.


Package hyperref Warning: Token not allowed in a PDF string (Unicode):
(hyperref)                removing `\z@' on input line 64.


Package hyperref Warning: Token not allowed in a PDF string (Unicode):
(hyperref)                removing `\parfillskip' on input line 64.


Package hyperref Warning: Token not allowed in a PDF string (Unicode):
(hyperref)                removing `\z@skip' on input line 64.

(./Speach.aux)
\openout1 = `Speach.aux'.

LaTeX Font Info:    Checking defaults for OML/cmm/m/it on input line 64.
LaTeX Font Info:    ... okay on input line 64.
LaTeX Font Info:    Checking defaults for OMS/cmsy/m/n on input line 64.
LaTeX Font Info:    ... okay on input line 64.
LaTeX Font Info:    Checking defaults for OT1/cmr/m/n on input line 64.
LaTeX Font Info:    ... okay on input line 64.
LaTeX Font Info:    Checking defaults for T1/cmr/m/n on input line 64.
LaTeX Font Info:    ... okay on input line 64.
LaTeX Font Info:    Checking defaults for TS1/cmr/m/n on input line 64.
LaTeX Font Info:    Trying to load font information for TS1+cmr on input line 6
4.
(/usr/share/texlive/texmf-dist/tex/latex/base/ts1cmr.fd
File: ts1cmr.fd 2019/12/16 v2.5j Standard LaTeX font definitions
)
LaTeX Font Info:    ... okay on input line 64.
LaTeX Font Info:    Checking defaults for TU/lmr/m/n on input line 64.
LaTeX Font Info:    ... okay on input line 64.
LaTeX Font Info:    Checking defaults for OMX/cmex/m/n on input line 64.
LaTeX Font Info:    ... okay on input line 64.
LaTeX Font Info:    Checking defaults for U/cmr/m/n on input line 64.
LaTeX Font Info:    ... okay on input line 64.
LaTeX Font Info:    Checking defaults for PD1/pdf/m/n on input line 64.
LaTeX Font Info:    ... okay on input line 64.
LaTeX Font Info:    Checking defaults for PU/pdf/m/n on input line 64.
LaTeX Font Info:    ... okay on input line 64.
*geometry* driver: auto-detecting
*geometry* detected driver: xetex
*geometry* verbose mode - [ preamble ] result:
* driver: xetex
* paper: custom
* layout: <same size as paper>
* layoutoffset:(h,v)=(0.0pt,0.0pt)
* modes: includehead includefoot 
* h-part:(L,W,R)=(28.45274pt, 398.3386pt, 28.45274pt)
* v-part:(T,H,B)=(0.0pt, 256.0748pt, 0.0pt)
* \paperwidth=455.24408pt
* \paperheight=256.0748pt
* \textwidth=398.3386pt
* \textheight=227.62207pt
* \oddsidemargin=-43.81725pt
* \evensidemargin=-43.81725pt
* \topmargin=-72.26999pt
* \headheight=14.22636pt
* \headsep=0.0pt
* \topskip=11.0pt
* \footskip=14.22636pt
* \marginparwidth=4.0pt
* \marginparsep=10.0pt
* \columnsep=10.0pt
* \skip\footins=10.0pt plus 4.0pt minus 2.0pt
* \hoffset=0.0pt
* \voffset=0.0pt
* \mag=1000
* \@twocolumnfalse
* \@twosidefalse
* \@mparswitchfalse
* \@reversemarginfalse
* (1in=72.27pt=25.4mm, 1cm=28.453pt)

Package hyperref Info: Link coloring OFF on input line 64.
(/usr/share/texlive/texmf-dist/tex/latex/hyperref/nameref.sty
Package: nameref 2021-04-02 v2.47 Cross-referencing by name of section
(/usr/share/texlive/texmf-dist/tex/latex/refcount/refcount.sty
Package: refcount 2019/12/15 v3.6 Data extraction from label references (HO)
) (/usr/share/texlive/texmf-dist/tex/generic/gettitlestring/gettitlestring.sty
Package: gettitlestring 2019/12/15 v1.6 Cleanup title references (HO)
)
\c@section@level=\count413
)
LaTeX Info: Redefining \ref on input line 64.
LaTeX Info: Redefining \pageref on input line 64.
LaTeX Info: Redefining \nameref on input line 64.
(./Speach.out) (./Speach.out)
\@outlinefile=\write5
\openout5 = `Speach.out'.


Package hyperref Warning: Rerun to get /PageLabels entry.

\symnumbers=\mathgroup6
\sympureletters=\mathgroup7
LaTeX Font Info:    Overwriting math alphabet `\mathrm' in version `normal'
(Font)                  OT1/cmr/m/n --> TU/lmr/m/n on input line 64.
LaTeX Font Info:    Redeclaring math alphabet \mathbf on input line 64.
LaTeX Font Info:    Overwriting math alphabet `\mathbf' in version `normal'
(Font)                  OT1/cmr/bx/n --> TU/lmr/b/n on input line 64.
LaTeX Font Info:    Overwriting math alphabet `\mathbf' in version `bold'
(Font)                  OT1/cmr/bx/n --> TU/lmr/b/n on input line 64.
LaTeX Font Info:    Redeclaring math alphabet \mathsf on input line 64.
LaTeX Font Info:    Overwriting math alphabet `\mathsf' in version `normal'
(Font)                  OT1/cmss/m/n --> TU/ALSSchlangesans.ttf(0)/m/n on input
 line 64.
LaTeX Font Info:    Overwriting math alphabet `\mathsf' in version `bold'
(Font)                  OT1/cmss/bx/n --> TU/ALSSchlangesans.ttf(0)/m/n on inpu
t line 64.
LaTeX Font Info:    Redeclaring math alphabet \mathit on input line 64.
LaTeX Font Info:    Overwriting math alphabet `\mathit' in version `normal'
(Font)                  OT1/cmr/m/it --> TU/lmr/m/it on input line 64.
LaTeX Font Info:    Overwriting math alphabet `\mathit' in version `bold'
(Font)                  OT1/cmr/bx/it --> TU/lmr/m/it on input line 64.
LaTeX Font Info:    Redeclaring math alphabet \mathtt on input line 64.
LaTeX Font Info:    Overwriting math alphabet `\mathtt' in version `normal'
(Font)                  OT1/cmtt/m/n --> TU/lmtt/m/n on input line 64.
LaTeX Font Info:    Overwriting math alphabet `\mathtt' in version `bold'
(Font)                  OT1/cmtt/m/n --> TU/lmtt/m/n on input line 64.
LaTeX Font Info:    Overwriting symbol font `numbers' in version `bold'
(Font)                  TU/lmr/m/n --> TU/lmr/b/n on input line 64.
LaTeX Font Info:    Overwriting symbol font `pureletters' in version `bold'
(Font)                  TU/lmr/m/it --> TU/lmr/b/it on input line 64.
LaTeX Font Info:    Overwriting math alphabet `\mathrm' in version `bold'
(Font)                  OT1/cmr/bx/n --> TU/lmr/b/n on input line 64.
LaTeX Font Info:    Overwriting math alphabet `\mathbf' in version `bold'
(Font)                  TU/lmr/b/n --> TU/lmr/b/n on input line 64.
LaTeX Font Info:    Overwriting math alphabet `\mathsf' in version `bold'
(Font)                  TU/ALSSchlangesans.ttf(0)/m/n --> TU/ALSSchlangesans.tt
f(0)/b/n on input line 64.
LaTeX Font Info:    Overwriting math alphabet `\mathit' in version `bold'
(Font)                  TU/lmr/m/it --> TU/lmr/b/it on input line 64.
LaTeX Font Info:    Overwriting math alphabet `\mathtt' in version `bold'
(Font)                  TU/lmtt/m/n --> TU/lmtt/b/n on input line 64.

(/usr/share/texlive/texmf-dist/tex/latex/translator/translator-basic-dictionary
-English.dict
Dictionary: translator-basic-dictionary, Language: English 
)
(/usr/share/texlive/texmf-dist/tex/latex/translator/translator-bibliography-dic
tionary-English.dict
Dictionary: translator-bibliography-dictionary, Language: English 
)
(/usr/share/texlive/texmf-dist/tex/latex/translator/translator-environment-dict
ionary-English.dict
Dictionary: translator-environment-dictionary, Language: English 
)
(/usr/share/texlive/texmf-dist/tex/latex/translator/translator-months-dictionar
y-English.dict
Dictionary: translator-months-dictionary, Language: English 
)
(/usr/share/texlive/texmf-dist/tex/latex/translator/translator-numbers-dictiona
ry-English.dict
Dictionary: translator-numbers-dictionary, Language: English 
)
(/usr/share/texlive/texmf-dist/tex/latex/translator/translator-theorem-dictiona
ry-English.dict
Dictionary: translator-theorem-dictionary, Language: English 
)
LaTeX Info: Redefining \th on input line 64.
Package caption Info: Begin \AtBeginDocument code.
Package caption Info: float package is loaded.
Package caption Info: listings package is loaded.
Package caption Info: End \AtBeginDocument code.
\c@lstlisting=\count414

Package fontspec Info: Adjusting the maths setup (use [no-math] to avoid
(fontspec)             this).

\symlegacymaths=\mathgroup8
LaTeX Font Info:    Overwriting symbol font `legacymaths' in version `bold'
(Font)                  OT1/cmr/m/n --> OT1/cmr/bx/n on input line 64.
LaTeX Font Info:    Redeclaring math accent \acute on input line 64.
LaTeX Font Info:    Redeclaring math accent \grave on input line 64.
LaTeX Font Info:    Redeclaring math accent \ddot on input line 64.
LaTeX Font Info:    Redeclaring math accent \tilde on input line 64.
LaTeX Font Info:    Redeclaring math accent \bar on input line 64.
LaTeX Font Info:    Redeclaring math accent \breve on input line 64.
LaTeX Font Info:    Redeclaring math accent \check on input line 64.
LaTeX Font Info:    Redeclaring math accent \hat on input line 64.
LaTeX Font Info:    Redeclaring math accent \dot on input line 64.
LaTeX Font Info:    Redeclaring math accent \mathring on input line 64.
LaTeX Font Info:    Redeclaring math symbol \Gamma on input line 64.
LaTeX Font Info:    Redeclaring math symbol \Delta on input line 64.
LaTeX Font Info:    Redeclaring math symbol \Theta on input line 64.
LaTeX Font Info:    Redeclaring math symbol \Lambda on input line 64.
LaTeX Font Info:    Redeclaring math symbol \Xi on input line 64.
LaTeX Font Info:    Redeclaring math symbol \Pi on input line 64.
LaTeX Font Info:    Redeclaring math symbol \Sigma on input line 64.
LaTeX Font Info:    Redeclaring math symbol \Upsilon on input line 64.
LaTeX Font Info:    Redeclaring math symbol \Phi on input line 64.
LaTeX Font Info:    Redeclaring math symbol \Psi on input line 64.
LaTeX Font Info:    Redeclaring math symbol \Omega on input line 64.
LaTeX Font Info:    Redeclaring math symbol \mathdollar on input line 64.
LaTeX Font Info:    Redeclaring symbol font `operators' on input line 64.
LaTeX Font Info:    Encoding `OT1' has changed to `TU' for symbol font
(Font)              `operators' in the math version `normal' on input line 64.
LaTeX Font Info:    Overwriting symbol font `operators' in version `normal'
(Font)                  OT1/cmr/m/n --> TU/lmr/m/n on input line 64.
LaTeX Font Info:    Encoding `OT1' has changed to `TU' for symbol font
(Font)              `operators' in the math version `bold' on input line 64.
LaTeX Font Info:    Overwriting symbol font `operators' in version `bold'
(Font)                  OT1/cmr/bx/n --> TU/lmr/m/n on input line 64.
LaTeX Font Info:    Overwriting symbol font `operators' in version `normal'
(Font)                  TU/lmr/m/n --> TU/lmr/m/n on input line 64.
LaTeX Font Info:    Redeclaring math alphabet \mathrm on input line 64.
LaTeX Font Info:    Overwriting math alphabet `\mathit' in version `normal'
(Font)                  TU/lmr/m/it --> TU/lmr/m/it on input line 64.
LaTeX Font Info:    Overwriting math alphabet `\mathbf' in version `normal'
(Font)                  TU/lmr/b/n --> TU/lmr/b/n on input line 64.
LaTeX Font Info:    Overwriting math alphabet `\mathsf' in version `normal'
(Font)                  TU/ALSSchlangesans.ttf(0)/m/n --> TU/ALSSchlangesans.tt
f(0)/m/n on input line 64.
LaTeX Font Info:    Overwriting math alphabet `\mathtt' in version `normal'
(Font)                  TU/lmtt/m/n --> TU/lmtt/m/n on input line 64.
LaTeX Font Info:    Overwriting symbol font `operators' in version `bold'
(Font)                  TU/lmr/m/n --> TU/lmr/b/n on input line 64.
LaTeX Font Info:    Overwriting math alphabet `\mathit' in version `bold'
(Font)                  TU/lmr/b/it --> TU/lmr/b/it on input line 64.
LaTeX Font Info:    Overwriting math alphabet `\mathsf' in version `bold'
(Font)                  TU/ALSSchlangesans.ttf(0)/b/n --> TU/ALSSchlangesans.tt
f(0)/b/n on input line 64.
LaTeX Font Info:    Overwriting math alphabet `\mathtt' in version `bold'
(Font)                  TU/lmtt/b/n --> TU/lmtt/b/n on input line 64.
(./Speach.nav)
LaTeX Font Info:    Trying to load font information for U+msa on input line 66.

(/usr/share/texlive/texmf-dist/tex/latex/amsfonts/umsa.fd
File: umsa.fd 2013/01/14 v3.01 AMS symbols A
)
LaTeX Font Info:    Trying to load font information for U+msb on input line 66.

(/usr/share/texlive/texmf-dist/tex/latex/amsfonts/umsb.fd
File: umsb.fd 2013/01/14 v3.01 AMS symbols B
) [1

]
Invalid UTF-8 byte or sequence at line 92 replaced by U+FFFD.
Invalid UTF-8 byte or sequence at line 92 replaced by U+FFFD.
Invalid UTF-8 byte or sequence at line 92 replaced by U+FFFD.
Invalid UTF-8 byte or sequence at line 92 replaced by U+FFFD.
Invalid UTF-8 byte or sequence at line 92 replaced by U+FFFD.
Invalid UTF-8 byte or sequence at line 92 replaced by U+FFFD.
Invalid UTF-8 byte or sequence at line 92 replaced by U+FFFD.
Invalid UTF-8 byte or sequence at line 92 replaced by U+FFFD.
Invalid UTF-8 byte or sequence at line 92 replaced by U+FFFD.
Invalid UTF-8 byte or sequence at line 92 replaced by U+FFFD.
File: figs/itmo_logo_rus_goriz_black.eps Graphic file (type eps)
<figs/itmo_logo_rus_goriz_black.eps>
[2

]
File: figs/itmo_logo_rus_goriz_black.eps Graphic file (type eps)
<figs/itmo_logo_rus_goriz_black.eps>
[3

]
File: figures/gifs/png_sets/3dof-hit-0.png Graphic file (type bmp)
<figures/gifs/png_sets/3dof-hit-0.png>
<a0,fr0>
File: figures/gifs/png_sets/3dof-hit-1.png Graphic file (type bmp)
<figures/gifs/png_sets/3dof-hit-1.png>
<a0,fr1>
File: figures/gifs/png_sets/3dof-hit-2.png Graphic file (type bmp)
<figures/gifs/png_sets/3dof-hit-2.png>
<a0,fr2>
File: figures/gifs/png_sets/3dof-hit-3.png Graphic file (type bmp)
<figures/gifs/png_sets/3dof-hit-3.png>
<a0,fr3>
File: figures/gifs/png_sets/3dof-hit-4.png Graphic file (type bmp)
<figures/gifs/png_sets/3dof-hit-4.png>
<a0,fr4>
File: figures/gifs/png_sets/3dof-hit-5.png Graphic file (type bmp)
<figures/gifs/png_sets/3dof-hit-5.png>
<a0,fr5>
File: figures/gifs/png_sets/3dof-hit-6.png Graphic file (type bmp)
<figures/gifs/png_sets/3dof-hit-6.png>
<a0,fr6>
File: figures/gifs/png_sets/3dof-hit-7.png Graphic file (type bmp)
<figures/gifs/png_sets/3dof-hit-7.png>
<a0,fr7>
File: figures/gifs/png_sets/3dof-hit-8.png Graphic file (type bmp)
<figures/gifs/png_sets/3dof-hit-8.png>
<a0,fr8>
File: figures/gifs/png_sets/3dof-hit-9.png Graphic file (type bmp)
<figures/gifs/png_sets/3dof-hit-9.png>
<a0,fr9>
File: figures/gifs/png_sets/3dof-hit-10.png Graphic file (type bmp)
<figures/gifs/png_sets/3dof-hit-10.png>
<a0,fr10>
File: figures/gifs/png_sets/3dof-hit-11.png Graphic file (type bmp)
<figures/gifs/png_sets/3dof-hit-11.png>
<a0,fr11>
File: figures/gifs/png_sets/3dof-hit-12.png Graphic file (type bmp)
<figures/gifs/png_sets/3dof-hit-12.png>
<a0,fr12>
File: figures/gifs/png_sets/3dof-hit-13.png Graphic file (type bmp)
<figures/gifs/png_sets/3dof-hit-13.png>
<a0,fr13>
File: figures/gifs/png_sets/3dof-hit-14.png Graphic file (type bmp)
<figures/gifs/png_sets/3dof-hit-14.png>
<a0,fr14>
File: figures/gifs/png_sets/3dof-hit-15.png Graphic file (type bmp)
<figures/gifs/png_sets/3dof-hit-15.png>
<a0,fr15>
File: figures/gifs/png_sets/3dof-hit-16.png Graphic file (type bmp)
<figures/gifs/png_sets/3dof-hit-16.png>
<a0,fr16>
File: figures/gifs/png_sets/3dof-hit-17.png Graphic file (type bmp)
<figures/gifs/png_sets/3dof-hit-17.png>
<a0,fr17>
File: figures/gifs/png_sets/3dof-hit-18.png Graphic file (type bmp)
<figures/gifs/png_sets/3dof-hit-18.png>
<a0,fr18>
File: figures/gifs/png_sets/3dof-hit-19.png Graphic file (type bmp)
<figures/gifs/png_sets/3dof-hit-19.png>
<a0,fr19>
File: figures/gifs/png_sets/3dof-hit-20.png Graphic file (type bmp)
<figures/gifs/png_sets/3dof-hit-20.png>
<a0,fr20>
File: figures/gifs/png_sets/3dof-hit-21.png Graphic file (type bmp)
<figures/gifs/png_sets/3dof-hit-21.png>
<a0,fr21>
File: figures/gifs/png_sets/3dof-hit-22.png Graphic file (type bmp)
<figures/gifs/png_sets/3dof-hit-22.png>
<a0,fr22>
File: figures/gifs/png_sets/3dof-hit-23.png Graphic file (type bmp)
<figures/gifs/png_sets/3dof-hit-23.png>
<a0,fr23>
File: figures/gifs/png_sets/3dof-hit-24.png Graphic file (type bmp)
<figures/gifs/png_sets/3dof-hit-24.png>
<a0,fr24>
File: figures/gifs/png_sets/3dof-hit-25.png Graphic file (type bmp)
<figures/gifs/png_sets/3dof-hit-25.png>
<a0,fr25>
File: figures/gifs/png_sets/3dof-hit-26.png Graphic file (type bmp)
<figures/gifs/png_sets/3dof-hit-26.png>
<a0,fr26>
File: figures/gifs/png_sets/3dof-hit-27.png Graphic file (type bmp)
<figures/gifs/png_sets/3dof-hit-27.png>
<a0,fr27>
File: figures/gifs/png_sets/3dof-hit-28.png Graphic file (type bmp)
<figures/gifs/png_sets/3dof-hit-28.png>
<a0,fr28>
File: figures/gifs/png_sets/3dof-hit-29.png Graphic file (type bmp)
<figures/gifs/png_sets/3dof-hit-29.png>
<a0,fr29>
File: figures/gifs/png_sets/3dof-hit-30.png Graphic file (type bmp)
<figures/gifs/png_sets/3dof-hit-30.png>
<a0,fr30>
File: figures/gifs/png_sets/3dof-hit-31.png Graphic file (type bmp)
<figures/gifs/png_sets/3dof-hit-31.png>
<a0,fr31>
File: figures/gifs/png_sets/3dof-hit-32.png Graphic file (type bmp)
<figures/gifs/png_sets/3dof-hit-32.png>
<a0,fr32>
File: figures/gifs/png_sets/3dof-hit-33.png Graphic file (type bmp)
<figures/gifs/png_sets/3dof-hit-33.png>
<a0,fr33>
File: figures/gifs/png_sets/3dof-hit-34.png Graphic file (type bmp)
<figures/gifs/png_sets/3dof-hit-34.png>
<a0,fr34>
File: figures/gifs/png_sets/3dof-hit-35.png Graphic file (type bmp)
<figures/gifs/png_sets/3dof-hit-35.png>
<a0,fr35>
File: figures/gifs/png_sets/3dof-hit-36.png Graphic file (type bmp)
<figures/gifs/png_sets/3dof-hit-36.png>
<a0,fr36>
File: figures/gifs/png_sets/3dof-hit-37.png Graphic file (type bmp)
<figures/gifs/png_sets/3dof-hit-37.png>
<a0,fr37>
File: figures/gifs/png_sets/3dof-hit-38.png Graphic file (type bmp)
<figures/gifs/png_sets/3dof-hit-38.png>
<a0,fr38>
File: figures/gifs/png_sets/3dof-hit-39.png Graphic file (type bmp)
<figures/gifs/png_sets/3dof-hit-39.png>
<a0,fr39>
File: figures/gifs/png_sets/3dof-hit-40.png Graphic file (type bmp)
<figures/gifs/png_sets/3dof-hit-40.png>
<a0,fr40>
File: figures/gifs/png_sets/3dof-hit-41.png Graphic file (type bmp)
<figures/gifs/png_sets/3dof-hit-41.png>
<a0,fr41>
File: figures/gifs/png_sets/3dof-hit-42.png Graphic file (type bmp)
<figures/gifs/png_sets/3dof-hit-42.png>
<a0,fr42>
File: figures/gifs/png_sets/3dof-hit-43.png Graphic file (type bmp)
<figures/gifs/png_sets/3dof-hit-43.png>
<a0,fr43>
File: figures/gifs/png_sets/3dof-hit-44.png Graphic file (type bmp)
<figures/gifs/png_sets/3dof-hit-44.png>
<a0,fr44>
File: figures/gifs/png_sets/3dof-hit-45.png Graphic file (type bmp)
<figures/gifs/png_sets/3dof-hit-45.png>
<a0,fr45>
File: figures/gifs/png_sets/3dof-hit-46.png Graphic file (type bmp)
<figures/gifs/png_sets/3dof-hit-46.png>
<a0,fr46>
File: figures/gifs/png_sets/3dof-hit-47.png Graphic file (type bmp)
<figures/gifs/png_sets/3dof-hit-47.png>
<a0,fr47>
File: figures/gifs/png_sets/3dof-hit-48.png Graphic file (type bmp)
<figures/gifs/png_sets/3dof-hit-48.png>
<a0,fr48>
File: figures/gifs/png_sets/3dof-hit-49.png Graphic file (type bmp)
<figures/gifs/png_sets/3dof-hit-49.png>
<a0,fr49>
File: figures/gifs/png_sets/3dof-hit-50.png Graphic file (type bmp)
<figures/gifs/png_sets/3dof-hit-50.png>
<a0,fr50>
File: figures/gifs/png_sets/3dof-hit-51.png Graphic file (type bmp)
<figures/gifs/png_sets/3dof-hit-51.png>
<a0,fr51>
File: figures/gifs/png_sets/3dof-hit-52.png Graphic file (type bmp)
<figures/gifs/png_sets/3dof-hit-52.png>
<a0,fr52>
File: figures/gifs/png_sets/3dof-hit-53.png Graphic file (type bmp)
<figures/gifs/png_sets/3dof-hit-53.png>
<a0,fr53>
File: figures/gifs/png_sets/3dof-hit-54.png Graphic file (type bmp)
<figures/gifs/png_sets/3dof-hit-54.png>
<a0,fr54>
File: figures/gifs/png_sets/3dof-hit-55.png Graphic file (type bmp)
<figures/gifs/png_sets/3dof-hit-55.png>
<a0,fr55>
File: figures/gifs/png_sets/3dof-hit-56.png Graphic file (type bmp)
<figures/gifs/png_sets/3dof-hit-56.png>
<a0,fr56>
File: figures/gifs/png_sets/3dof-hit-57.png Graphic file (type bmp)
<figures/gifs/png_sets/3dof-hit-57.png>
<a0,fr57>
File: figures/gifs/png_sets/3dof-hit-58.png Graphic file (type bmp)
<figures/gifs/png_sets/3dof-hit-58.png>
<a0,fr58>
File: figures/gifs/png_sets/3dof-hit-59.png Graphic file (type bmp)
<figures/gifs/png_sets/3dof-hit-59.png>
<a0,fr59>
File: figures/gifs/png_sets/3dof-hit-60.png Graphic file (type bmp)
<figures/gifs/png_sets/3dof-hit-60.png>
<a0,fr60>
File: figures/gifs/png_sets/3dof-hit-61.png Graphic file (type bmp)
<figures/gifs/png_sets/3dof-hit-61.png>
<a0,fr61>
File: figures/gifs/png_sets/3dof-hit-62.png Graphic file (type bmp)
<figures/gifs/png_sets/3dof-hit-62.png>
<a0,fr62>
File: figures/gifs/png_sets/3dof-hit-63.png Graphic file (type bmp)
<figures/gifs/png_sets/3dof-hit-63.png>
<a0,fr63>
File: figures/gifs/png_sets/3dof-hit-64.png Graphic file (type bmp)
<figures/gifs/png_sets/3dof-hit-64.png>
<a0,fr64>
File: figures/gifs/png_sets/3dof-hit-65.png Graphic file (type bmp)
<figures/gifs/png_sets/3dof-hit-65.png>
<a0,fr65>
File: figures/gifs/png_sets/3dof-hit-66.png Graphic file (type bmp)
<figures/gifs/png_sets/3dof-hit-66.png>
<a0,fr66>
File: figures/gifs/png_sets/3dof-hit-67.png Graphic file (type bmp)
<figures/gifs/png_sets/3dof-hit-67.png>
<a0,fr67>
File: figures/gifs/png_sets/3dof-hit-68.png Graphic file (type bmp)
<figures/gifs/png_sets/3dof-hit-68.png>
<a0,fr68>
File: figures/gifs/png_sets/3dof-hit-69.png Graphic file (type bmp)
<figures/gifs/png_sets/3dof-hit-69.png>
<a0,fr69>
File: figures/gifs/png_sets/3dof-hit-70.png Graphic file (type bmp)
<figures/gifs/png_sets/3dof-hit-70.png>
<a0,fr70>
File: figures/gifs/png_sets/3dof-hit-71.png Graphic file (type bmp)
<figures/gifs/png_sets/3dof-hit-71.png>
<a0,fr71>
File: figures/gifs/png_sets/3dof-hit-72.png Graphic file (type bmp)
<figures/gifs/png_sets/3dof-hit-72.png>
<a0,fr72>
File: figures/gifs/png_sets/3dof-hit-73.png Graphic file (type bmp)
<figures/gifs/png_sets/3dof-hit-73.png>
<a0,fr73>
File: figures/gifs/png_sets/3dof-hit-74.png Graphic file (type bmp)
<figures/gifs/png_sets/3dof-hit-74.png>
<a0,fr74>
File: figures/gifs/png_sets/3dof-hit-75.png Graphic file (type bmp)
<figures/gifs/png_sets/3dof-hit-75.png>
<a0,fr75>
File: figures/gifs/png_sets/3dof-hit-76.png Graphic file (type bmp)
<figures/gifs/png_sets/3dof-hit-76.png>
<a0,fr76>
File: figures/gifs/png_sets/3dof-hit-77.png Graphic file (type bmp)
<figures/gifs/png_sets/3dof-hit-77.png>
<a0,fr77>
File: figures/gifs/png_sets/3dof-hit-78.png Graphic file (type bmp)
<figures/gifs/png_sets/3dof-hit-78.png>
<a0,fr78>
File: figures/gifs/png_sets/3dof-hit-79.png Graphic file (type bmp)
<figures/gifs/png_sets/3dof-hit-79.png>
<a0,fr79>
File: figures/gifs/png_sets/3dof-hit-80.png Graphic file (type bmp)
<figures/gifs/png_sets/3dof-hit-80.png>
<a0,fr80>
File: figures/gifs/png_sets/3dof-hit-81.png Graphic file (type bmp)
<figures/gifs/png_sets/3dof-hit-81.png>
<a0,fr81>
File: figures/gifs/png_sets/3dof-hit-82.png Graphic file (type bmp)
<figures/gifs/png_sets/3dof-hit-82.png>
<a0,fr82>
File: figures/gifs/png_sets/3dof-hit-83.png Graphic file (type bmp)
<figures/gifs/png_sets/3dof-hit-83.png>
<a0,fr83>
File: figures/gifs/png_sets/3dof-hit-84.png Graphic file (type bmp)
<figures/gifs/png_sets/3dof-hit-84.png>
<a0,fr84>
File: figures/gifs/png_sets/3dof-hit-85.png Graphic file (type bmp)
<figures/gifs/png_sets/3dof-hit-85.png>
<a0,fr85>
File: figures/gifs/png_sets/3dof-hit-86.png Graphic file (type bmp)
<figures/gifs/png_sets/3dof-hit-86.png>
<a0,fr86>
File: figures/gifs/png_sets/3dof-hit-87.png Graphic file (type bmp)
<figures/gifs/png_sets/3dof-hit-87.png>
<a0,fr87>
File: figures/gifs/png_sets/3dof-hit-88.png Graphic file (type bmp)
<figures/gifs/png_sets/3dof-hit-88.png>
<a0,fr88>
File: figures/gifs/png_sets/3dof-hit-89.png Graphic file (type bmp)
<figures/gifs/png_sets/3dof-hit-89.png>
<a0,fr89>
File: figures/gifs/png_sets/3dof-hit-90.png Graphic file (type bmp)
<figures/gifs/png_sets/3dof-hit-90.png>
<a0,fr90>
File: figures/gifs/png_sets/3dof-hit-91.png Graphic file (type bmp)
<figures/gifs/png_sets/3dof-hit-91.png>
<a0,fr91>
File: figures/gifs/png_sets/3dof-hit-92.png Graphic file (type bmp)
<figures/gifs/png_sets/3dof-hit-92.png>
<a0,fr92>
File: figures/gifs/png_sets/3dof-hit-93.png Graphic file (type bmp)
<figures/gifs/png_sets/3dof-hit-93.png>
<a0,fr93>
File: figures/gifs/png_sets/3dof-hit-94.png Graphic file (type bmp)
<figures/gifs/png_sets/3dof-hit-94.png>
<a0,fr94>
File: figures/gifs/png_sets/3dof-hit-95.png Graphic file (type bmp)
<figures/gifs/png_sets/3dof-hit-95.png>
<a0,fr95>
File: figures/gifs/png_sets/3dof-hit-96.png Graphic file (type bmp)
<figures/gifs/png_sets/3dof-hit-96.png>
<a0,fr96>
File: figures/gifs/png_sets/3dof-hit-97.png Graphic file (type bmp)
<figures/gifs/png_sets/3dof-hit-97.png>
<a0,fr97>
File: figures/gifs/png_sets/3dof-hit-98.png Graphic file (type bmp)
<figures/gifs/png_sets/3dof-hit-98.png>
<a0,fr98>
File: figures/gifs/png_sets/3dof-hit-99.png Graphic file (type bmp)
<figures/gifs/png_sets/3dof-hit-99.png>
<a0,fr99>
File: figures/gifs/png_sets/3dof-hit-100.png Graphic file (type bmp)
<figures/gifs/png_sets/3dof-hit-100.png>
<a0,fr100>
File: figures/gifs/png_sets/3dof-hit-101.png Graphic file (type bmp)
<figures/gifs/png_sets/3dof-hit-101.png>
<a0,fr101>
File: figures/gifs/png_sets/3dof-hit-102.png Graphic file (type bmp)
<figures/gifs/png_sets/3dof-hit-102.png>
<a0,fr102>
File: figures/gifs/png_sets/3dof-hit-103.png Graphic file (type bmp)
<figures/gifs/png_sets/3dof-hit-103.png>
<a0,fr103>
File: figures/gifs/png_sets/3dof-hit-104.png Graphic file (type bmp)
<figures/gifs/png_sets/3dof-hit-104.png>
<a0,fr104>
File: figures/gifs/png_sets/3dof-hit-105.png Graphic file (type bmp)
<figures/gifs/png_sets/3dof-hit-105.png>
<a0,fr105>
File: figures/gifs/png_sets/3dof-hit-106.png Graphic file (type bmp)
<figures/gifs/png_sets/3dof-hit-106.png>
<a0,fr106>
File: figures/gifs/png_sets/3dof-hit-107.png Graphic file (type bmp)
<figures/gifs/png_sets/3dof-hit-107.png>
<a0,fr107>
File: figures/gifs/png_sets/3dof-hit-108.png Graphic file (type bmp)
<figures/gifs/png_sets/3dof-hit-108.png>
<a0,fr108>
File: figures/gifs/png_sets/3dof-hit-109.png Graphic file (type bmp)
<figures/gifs/png_sets/3dof-hit-109.png>
<a0,fr109>
File: figures/gifs/png_sets/3dof-hit-110.png Graphic file (type bmp)
<figures/gifs/png_sets/3dof-hit-110.png>
<a0,fr110>
File: figures/gifs/png_sets/3dof-hit-111.png Graphic file (type bmp)
<figures/gifs/png_sets/3dof-hit-111.png>
<a0,fr111>
File: figures/gifs/png_sets/3dof-hit-112.png Graphic file (type bmp)
<figures/gifs/png_sets/3dof-hit-112.png>
<a0,fr112>
File: figures/gifs/png_sets/3dof-hit-113.png Graphic file (type bmp)
<figures/gifs/png_sets/3dof-hit-113.png>
<a0,fr113>
File: figures/gifs/png_sets/3dof-hit-114.png Graphic file (type bmp)
<figures/gifs/png_sets/3dof-hit-114.png>
<a0,fr114>
File: figures/gifs/png_sets/3dof-hit-115.png Graphic file (type bmp)
<figures/gifs/png_sets/3dof-hit-115.png>
<a0,fr115>
File: figures/gifs/png_sets/3dof-hit-116.png Graphic file (type bmp)
<figures/gifs/png_sets/3dof-hit-116.png>
<a0,fr116>
File: figures/gifs/png_sets/3dof-hit-117.png Graphic file (type bmp)
<figures/gifs/png_sets/3dof-hit-117.png>
<a0,fr117>
File: figures/gifs/png_sets/3dof-hit-118.png Graphic file (type bmp)
<figures/gifs/png_sets/3dof-hit-118.png>
<a0,fr118>
File: figures/gifs/png_sets/3dof-hit-119.png Graphic file (type bmp)
<figures/gifs/png_sets/3dof-hit-119.png>
<a0,fr119>
File: figures/gifs/png_sets/3dof-hit-120.png Graphic file (type bmp)
<figures/gifs/png_sets/3dof-hit-120.png>
<a0,fr120>
File: figures/gifs/png_sets/3dof-hit-121.png Graphic file (type bmp)
<figures/gifs/png_sets/3dof-hit-121.png>
<a0,fr121>
File: figures/gifs/png_sets/3dof-hit-122.png Graphic file (type bmp)
<figures/gifs/png_sets/3dof-hit-122.png>
<a0,fr122>
File: figures/gifs/png_sets/3dof-hit-123.png Graphic file (type bmp)
<figures/gifs/png_sets/3dof-hit-123.png>
<a0,fr123>
File: figures/gifs/png_sets/3dof-hit-124.png Graphic file (type bmp)
<figures/gifs/png_sets/3dof-hit-124.png>
<a0,fr124>
File: figures/gifs/png_sets/3dof-hit-125.png Graphic file (type bmp)
<figures/gifs/png_sets/3dof-hit-125.png>
<a0,fr125>
File: figures/gifs/png_sets/3dof-hit-126.png Graphic file (type bmp)
<figures/gifs/png_sets/3dof-hit-126.png>
<a0,fr126>
File: figures/gifs/png_sets/3dof-hit-127.png Graphic file (type bmp)
<figures/gifs/png_sets/3dof-hit-127.png>
<a0,fr127>
File: figures/gifs/png_sets/3dof-hit-128.png Graphic file (type bmp)
<figures/gifs/png_sets/3dof-hit-128.png>
<a0,fr128>
File: figures/gifs/png_sets/3dof-hit-129.png Graphic file (type bmp)
<figures/gifs/png_sets/3dof-hit-129.png>
<a0,fr129>
File: figures/gifs/png_sets/3dof-hit-130.png Graphic file (type bmp)
<figures/gifs/png_sets/3dof-hit-130.png>
<a0,fr130>
File: figures/gifs/png_sets/3dof-hit-131.png Graphic file (type bmp)
<figures/gifs/png_sets/3dof-hit-131.png>
<a0,fr131>
File: figures/gifs/png_sets/3dof-hit-132.png Graphic file (type bmp)
<figures/gifs/png_sets/3dof-hit-132.png>
<a0,fr132>
File: figures/gifs/png_sets/3dof-hit-133.png Graphic file (type bmp)
<figures/gifs/png_sets/3dof-hit-133.png>
<a0,fr133>
File: figures/gifs/png_sets/3dof-hit-134.png Graphic file (type bmp)
<figures/gifs/png_sets/3dof-hit-134.png>
<a0,fr134>
File: figures/gifs/png_sets/3dof-hit-135.png Graphic file (type bmp)
<figures/gifs/png_sets/3dof-hit-135.png>
<a0,fr135>
File: figures/gifs/png_sets/3dof-hit-136.png Graphic file (type bmp)
<figures/gifs/png_sets/3dof-hit-136.png>
<a0,fr136>
File: figures/gifs/png_sets/3dof-hit-137.png Graphic file (type bmp)
<figures/gifs/png_sets/3dof-hit-137.png>
<a0,fr137>
File: figures/gifs/png_sets/3dof-hit-138.png Graphic file (type bmp)
<figures/gifs/png_sets/3dof-hit-138.png>
<a0,fr138>
File: figures/gifs/png_sets/3dof-hit-139.png Graphic file (type bmp)
<figures/gifs/png_sets/3dof-hit-139.png>
<a0,fr139>
File: figures/gifs/png_sets/3dof-hit-140.png Graphic file (type bmp)
<figures/gifs/png_sets/3dof-hit-140.png>
<a0,fr140>
File: figures/gifs/png_sets/3dof-hit-141.png Graphic file (type bmp)
<figures/gifs/png_sets/3dof-hit-141.png>
<a0,fr141>
File: figures/gifs/png_sets/3dof-hit-142.png Graphic file (type bmp)
<figures/gifs/png_sets/3dof-hit-142.png>
<a0,fr142>
File: figures/gifs/png_sets/3dof-hit-143.png Graphic file (type bmp)
<figures/gifs/png_sets/3dof-hit-143.png>
<a0,fr143>
File: figures/gifs/png_sets/3dof-hit-144.png Graphic file (type bmp)
<figures/gifs/png_sets/3dof-hit-144.png>
<a0,fr144>
File: figures/gifs/png_sets/3dof-hit-145.png Graphic file (type bmp)
<figures/gifs/png_sets/3dof-hit-145.png>
<a0,fr145>
File: figures/gifs/png_sets/3dof-hit-146.png Graphic file (type bmp)
<figures/gifs/png_sets/3dof-hit-146.png>
<a0,fr146>
File: figures/gifs/png_sets/3dof-hit-147.png Graphic file (type bmp)
<figures/gifs/png_sets/3dof-hit-147.png>
<a0,fr147>
File: figures/gifs/png_sets/3dof-hit-148.png Graphic file (type bmp)
<figures/gifs/png_sets/3dof-hit-148.png>
<a0,fr148>
File: figures/gifs/png_sets/3dof-hit-149.png Graphic file (type bmp)
<figures/gifs/png_sets/3dof-hit-149.png>
<a0,fr149>
File: figures/gifs/png_sets/3dof-hit-150.png Graphic file (type bmp)
<figures/gifs/png_sets/3dof-hit-150.png>
<a0,fr150>
File: figures/gifs/png_sets/3dof-hit-151.png Graphic file (type bmp)
<figures/gifs/png_sets/3dof-hit-151.png>
<a0,fr151>
File: figures/gifs/png_sets/3dof-hit-152.png Graphic file (type bmp)
<figures/gifs/png_sets/3dof-hit-152.png>
<a0,fr152>
File: figures/gifs/png_sets/3dof-hit-153.png Graphic file (type bmp)
<figures/gifs/png_sets/3dof-hit-153.png>
<a0,fr153>
File: figures/gifs/png_sets/3dof-hit-154.png Graphic file (type bmp)
<figures/gifs/png_sets/3dof-hit-154.png>
<a0,fr154>
File: figures/gifs/png_sets/3dof-hit-155.png Graphic file (type bmp)
<figures/gifs/png_sets/3dof-hit-155.png>
<a0,fr155>
File: figures/gifs/png_sets/3dof-hit-156.png Graphic file (type bmp)
<figures/gifs/png_sets/3dof-hit-156.png>
<a0,fr156>
File: figures/gifs/png_sets/3dof-hit-157.png Graphic file (type bmp)
<figures/gifs/png_sets/3dof-hit-157.png>
<a0,fr157>
File: figures/gifs/png_sets/3dof-hit-158.png Graphic file (type bmp)
<figures/gifs/png_sets/3dof-hit-158.png>
<a0,fr158>
File: figures/gifs/png_sets/3dof-hit-159.png Graphic file (type bmp)
<figures/gifs/png_sets/3dof-hit-159.png>
<a0,fr159>
File: figures/gifs/png_sets/3dof-hit-160.png Graphic file (type bmp)
<figures/gifs/png_sets/3dof-hit-160.png>
<a0,fr160>
File: figures/gifs/png_sets/3dof-hit-161.png Graphic file (type bmp)
<figures/gifs/png_sets/3dof-hit-161.png>
<a0,fr161>
File: figures/gifs/png_sets/3dof-hit-162.png Graphic file (type bmp)
<figures/gifs/png_sets/3dof-hit-162.png>
<a0,fr162>
File: figures/gifs/png_sets/3dof-hit-163.png Graphic file (type bmp)
<figures/gifs/png_sets/3dof-hit-163.png>
<a0,fr163>
File: figures/gifs/png_sets/3dof-hit-164.png Graphic file (type bmp)
<figures/gifs/png_sets/3dof-hit-164.png>
<a0,fr164>
File: figures/gifs/png_sets/3dof-hit-165.png Graphic file (type bmp)
<figures/gifs/png_sets/3dof-hit-165.png>
<a0,fr165>
File: figures/gifs/png_sets/3dof-hit-166.png Graphic file (type bmp)
<figures/gifs/png_sets/3dof-hit-166.png>
<a0,fr166>
File: figures/gifs/png_sets/3dof-hit-167.png Graphic file (type bmp)
<figures/gifs/png_sets/3dof-hit-167.png>
<a0,fr167>
File: figures/gifs/png_sets/3dof-hit-168.png Graphic file (type bmp)
<figures/gifs/png_sets/3dof-hit-168.png>
<a0,fr168>
File: figures/gifs/png_sets/3dof-hit-169.png Graphic file (type bmp)
<figures/gifs/png_sets/3dof-hit-169.png>
<a0,fr169>
File: figures/gifs/png_sets/3dof-hit-170.png Graphic file (type bmp)
<figures/gifs/png_sets/3dof-hit-170.png>
<a0,fr170>
File: figures/gifs/png_sets/3dof-hit-171.png Graphic file (type bmp)
<figures/gifs/png_sets/3dof-hit-171.png>
<a0,fr171>
File: figures/gifs/png_sets/3dof-hit-172.png Graphic file (type bmp)
<figures/gifs/png_sets/3dof-hit-172.png>
<a0,fr172>
File: figures/gifs/png_sets/3dof-hit-173.png Graphic file (type bmp)
<figures/gifs/png_sets/3dof-hit-173.png>
<a0,fr173>
File: figures/gifs/png_sets/3dof-hit-174.png Graphic file (type bmp)
<figures/gifs/png_sets/3dof-hit-174.png>
<a0,fr174>
File: figures/gifs/png_sets/3dof-hit-175.png Graphic file (type bmp)
<figures/gifs/png_sets/3dof-hit-175.png>
<a0,fr175>
File: figures/gifs/png_sets/3dof-hit-176.png Graphic file (type bmp)
<figures/gifs/png_sets/3dof-hit-176.png>
<a0,fr176>
File: figures/gifs/png_sets/3dof-hit-177.png Graphic file (type bmp)
<figures/gifs/png_sets/3dof-hit-177.png>
<a0,fr177>
File: figures/gifs/png_sets/3dof-hit-178.png Graphic file (type bmp)
<figures/gifs/png_sets/3dof-hit-178.png>
<a0,fr178>
File: figures/gifs/png_sets/3dof-hit-179.png Graphic file (type bmp)
<figures/gifs/png_sets/3dof-hit-179.png>
<a0,fr179>
File: figures/gifs/png_sets/3dof-hit-180.png Graphic file (type bmp)
<figures/gifs/png_sets/3dof-hit-180.png>
<a0,fr180>
File: figures/gifs/png_sets/3dof-hit-181.png Graphic file (type bmp)
<figures/gifs/png_sets/3dof-hit-181.png>
<a0,fr181>
File: figures/gifs/png_sets/3dof-hit-182.png Graphic file (type bmp)
<figures/gifs/png_sets/3dof-hit-182.png>
<a0,fr182>
File: figures/gifs/png_sets/3dof-hit-183.png Graphic file (type bmp)
<figures/gifs/png_sets/3dof-hit-183.png>
<a0,fr183>
File: figures/gifs/png_sets/3dof-hit-184.png Graphic file (type bmp)
<figures/gifs/png_sets/3dof-hit-184.png>
<a0,fr184>
File: figures/gifs/png_sets/3dof-hit-185.png Graphic file (type bmp)
<figures/gifs/png_sets/3dof-hit-185.png>
<a0,fr185>
File: figures/gifs/png_sets/3dof-hit-186.png Graphic file (type bmp)
<figures/gifs/png_sets/3dof-hit-186.png>
<a0,fr186>
File: figures/gifs/png_sets/3dof-hit-187.png Graphic file (type bmp)
<figures/gifs/png_sets/3dof-hit-187.png>
<a0,fr187>
File: figures/gifs/png_sets/3dof-hit-188.png Graphic file (type bmp)
<figures/gifs/png_sets/3dof-hit-188.png>
<a0,fr188>
File: figures/gifs/png_sets/3dof-hit-189.png Graphic file (type bmp)
<figures/gifs/png_sets/3dof-hit-189.png>
<a0,fr189>
File: figures/gifs/png_sets/3dof-hit-190.png Graphic file (type bmp)
<figures/gifs/png_sets/3dof-hit-190.png>
<a0,fr190>
File: figures/gifs/png_sets/3dof-hit-191.png Graphic file (type bmp)
<figures/gifs/png_sets/3dof-hit-191.png>
<a0,fr191>
File: figures/gifs/png_sets/3dof-hit-192.png Graphic file (type bmp)
<figures/gifs/png_sets/3dof-hit-192.png>
<a0,fr192>
File: figures/gifs/png_sets/3dof-hit-193.png Graphic file (type bmp)
<figures/gifs/png_sets/3dof-hit-193.png>
<a0,fr193>
File: figures/gifs/png_sets/3dof-hit-194.png Graphic file (type bmp)
<figures/gifs/png_sets/3dof-hit-194.png>
<a0,fr194>
File: figures/gifs/png_sets/3dof-hit-195.png Graphic file (type bmp)
<figures/gifs/png_sets/3dof-hit-195.png>
<a0,fr195>
File: figures/gifs/png_sets/3dof-hit-196.png Graphic file (type bmp)
<figures/gifs/png_sets/3dof-hit-196.png>
<a0,fr196>
File: figures/gifs/png_sets/3dof-hit-197.png Graphic file (type bmp)
<figures/gifs/png_sets/3dof-hit-197.png>
<a0,fr197>
File: figures/gifs/png_sets/3dof-hit-198.png Graphic file (type bmp)
<figures/gifs/png_sets/3dof-hit-198.png>
<a0,fr198>
File: figures/gifs/png_sets/3dof-hit-199.png Graphic file (type bmp)
<figures/gifs/png_sets/3dof-hit-199.png>
<a0,fr199>
File: figures/gifs/png_sets/3dof-hit-200.png Graphic file (type bmp)
<figures/gifs/png_sets/3dof-hit-200.png>
<a0,fr200>
File: figures/gifs/png_sets/3dof-hit-201.png Graphic file (type bmp)
<figures/gifs/png_sets/3dof-hit-201.png>
<a0,fr201>
File: figures/gifs/png_sets/3dof-hit-202.png Graphic file (type bmp)
<figures/gifs/png_sets/3dof-hit-202.png>
<a0,fr202>
File: figures/gifs/png_sets/3dof-hit-203.png Graphic file (type bmp)
<figures/gifs/png_sets/3dof-hit-203.png>
<a0,fr203>
File: figures/gifs/png_sets/3dof-hit-204.png Graphic file (type bmp)
<figures/gifs/png_sets/3dof-hit-204.png>
<a0,fr204>
File: figures/gifs/png_sets/3dof-hit-205.png Graphic file (type bmp)
<figures/gifs/png_sets/3dof-hit-205.png>
<a0,fr205>
File: figures/gifs/png_sets/3dof-hit-206.png Graphic file (type bmp)
<figures/gifs/png_sets/3dof-hit-206.png>
<a0,fr206>
File: figures/gifs/png_sets/3dof-hit-207.png Graphic file (type bmp)
<figures/gifs/png_sets/3dof-hit-207.png>
<a0,fr207>
File: figures/gifs/png_sets/3dof-hit-208.png Graphic file (type bmp)
<figures/gifs/png_sets/3dof-hit-208.png>
<a0,fr208>
File: figures/gifs/png_sets/3dof-hit-209.png Graphic file (type bmp)
<figures/gifs/png_sets/3dof-hit-209.png>
<a0,fr209>
File: figures/gifs/png_sets/3dof-hit-210.png Graphic file (type bmp)
<figures/gifs/png_sets/3dof-hit-210.png>
<a0,fr210>
File: figures/gifs/png_sets/3dof-hit-211.png Graphic file (type bmp)
<figures/gifs/png_sets/3dof-hit-211.png>
<a0,fr211>
File: figures/gifs/png_sets/3dof-hit-212.png Graphic file (type bmp)
<figures/gifs/png_sets/3dof-hit-212.png>
<a0,fr212>
File: figures/gifs/png_sets/3dof-hit-213.png Graphic file (type bmp)
<figures/gifs/png_sets/3dof-hit-213.png>
<a0,fr213>
File: figures/gifs/png_sets/3dof-hit-214.png Graphic file (type bmp)
<figures/gifs/png_sets/3dof-hit-214.png>
<a0,fr214>
File: figures/gifs/png_sets/3dof-hit-215.png Graphic file (type bmp)
<figures/gifs/png_sets/3dof-hit-215.png>
<a0,fr215>
File: figures/gifs/png_sets/3dof-hit-216.png Graphic file (type bmp)
<figures/gifs/png_sets/3dof-hit-216.png>
<a0,fr216>
File: figures/gifs/png_sets/3dof-hit-217.png Graphic file (type bmp)
<figures/gifs/png_sets/3dof-hit-217.png>
<a0,fr217>
File: figures/gifs/png_sets/3dof-hit-218.png Graphic file (type bmp)
<figures/gifs/png_sets/3dof-hit-218.png>
<a0,fr218>
File: figures/gifs/png_sets/3dof-hit-219.png Graphic file (type bmp)
<figures/gifs/png_sets/3dof-hit-219.png>
<a0,fr219>
File: figures/gifs/png_sets/3dof-hit-220.png Graphic file (type bmp)
<figures/gifs/png_sets/3dof-hit-220.png>
<a0,fr220>
File: figures/gifs/png_sets/3dof-hit-221.png Graphic file (type bmp)
<figures/gifs/png_sets/3dof-hit-221.png>
<a0,fr221>
File: figures/gifs/png_sets/3dof-hit-222.png Graphic file (type bmp)
<figures/gifs/png_sets/3dof-hit-222.png>
<a0,fr222>
File: figures/gifs/png_sets/3dof-hit-223.png Graphic file (type bmp)
<figures/gifs/png_sets/3dof-hit-223.png>
<a0,fr223>
File: figures/gifs/png_sets/3dof-hit-224.png Graphic file (type bmp)
<figures/gifs/png_sets/3dof-hit-224.png>
<a0,fr224>
File: figures/gifs/png_sets/3dof-hit-225.png Graphic file (type bmp)
<figures/gifs/png_sets/3dof-hit-225.png>
<a0,fr225>
File: figures/gifs/png_sets/3dof-hit-226.png Graphic file (type bmp)
<figures/gifs/png_sets/3dof-hit-226.png>
<a0,fr226>
File: figures/gifs/png_sets/3dof-hit-227.png Graphic file (type bmp)
<figures/gifs/png_sets/3dof-hit-227.png>
<a0,fr227>
File: figures/gifs/png_sets/3dof-hit-228.png Graphic file (type bmp)
<figures/gifs/png_sets/3dof-hit-228.png>
<a0,fr228>
File: figures/gifs/png_sets/3dof-hit-229.png Graphic file (type bmp)
<figures/gifs/png_sets/3dof-hit-229.png>
<a0,fr229>
File: figures/gifs/png_sets/3dof-hit-230.png Graphic file (type bmp)
<figures/gifs/png_sets/3dof-hit-230.png>
<a0,fr230>
File: figures/gifs/png_sets/3dof-hit-231.png Graphic file (type bmp)
<figures/gifs/png_sets/3dof-hit-231.png>
<a0,fr231>
File: figures/gifs/png_sets/3dof-hit-232.png Graphic file (type bmp)
<figures/gifs/png_sets/3dof-hit-232.png>
<a0,fr232>
File: figures/gifs/png_sets/3dof-hit-233.png Graphic file (type bmp)
<figures/gifs/png_sets/3dof-hit-233.png>
<a0,fr233>
File: figures/gifs/png_sets/3dof-hit-234.png Graphic file (type bmp)
<figures/gifs/png_sets/3dof-hit-234.png>
<a0,fr234>
File: figures/gifs/png_sets/3dof-hit-235.png Graphic file (type bmp)
<figures/gifs/png_sets/3dof-hit-235.png>
<a0,fr235>
File: figures/gifs/png_sets/3dof-hit-236.png Graphic file (type bmp)
<figures/gifs/png_sets/3dof-hit-236.png>
<a0,fr236>
File: figures/gifs/png_sets/3dof-hit-237.png Graphic file (type bmp)
<figures/gifs/png_sets/3dof-hit-237.png>
<a0,fr237>
File: figures/gifs/png_sets/3dof-hit-238.png Graphic file (type bmp)
<figures/gifs/png_sets/3dof-hit-238.png>
<a0,fr238>
File: figures/gifs/png_sets/3dof-hit-239.png Graphic file (type bmp)
<figures/gifs/png_sets/3dof-hit-239.png>
<a0,fr239>
File: figures/gifs/png_sets/3dof-hit-240.png Graphic file (type bmp)
<figures/gifs/png_sets/3dof-hit-240.png>
<a0,fr240>
File: figures/gifs/png_sets/3dof-hit-241.png Graphic file (type bmp)
<figures/gifs/png_sets/3dof-hit-241.png>
<a0,fr241>
File: figures/gifs/png_sets/3dof-hit-242.png Graphic file (type bmp)
<figures/gifs/png_sets/3dof-hit-242.png>
<a0,fr242>
File: figures/gifs/png_sets/3dof-hit-243.png Graphic file (type bmp)
<figures/gifs/png_sets/3dof-hit-243.png>
<a0,fr243>
File: figures/gifs/png_sets/3dof-hit-244.png Graphic file (type bmp)
<figures/gifs/png_sets/3dof-hit-244.png>
<a0,fr244>
File: figures/gifs/png_sets/3dof-hit-245.png Graphic file (type bmp)
<figures/gifs/png_sets/3dof-hit-245.png>
<a0,fr245>
File: figures/gifs/png_sets/3dof-hit-246.png Graphic file (type bmp)
<figures/gifs/png_sets/3dof-hit-246.png>
<a0,fr246>
File: figures/gifs/png_sets/3dof-hit-247.png Graphic file (type bmp)
<figures/gifs/png_sets/3dof-hit-247.png>
<a0,fr247>
File: figures/gifs/png_sets/3dof-hit-248.png Graphic file (type bmp)
<figures/gifs/png_sets/3dof-hit-248.png>
<a0,fr248>
File: figures/gifs/png_sets/3dof-hit-249.png Graphic file (type bmp)
<figures/gifs/png_sets/3dof-hit-249.png>
<a0,fr249>
File: figures/gifs/png_sets/3dof-hit-250.png Graphic file (type bmp)
<figures/gifs/png_sets/3dof-hit-250.png>
<a0,fr250>
File: figures/gifs/png_sets/3dof-hit-251.png Graphic file (type bmp)
<figures/gifs/png_sets/3dof-hit-251.png>
<a0,fr251>
File: figures/gifs/png_sets/3dof-hit-252.png Graphic file (type bmp)
<figures/gifs/png_sets/3dof-hit-252.png>
<a0,fr252>
File: figures/gifs/png_sets/3dof-hit-253.png Graphic file (type bmp)
<figures/gifs/png_sets/3dof-hit-253.png>
<a0,fr253>
File: figures/gifs/png_sets/3dof-hit-254.png Graphic file (type bmp)
<figures/gifs/png_sets/3dof-hit-254.png>
<a0,fr254>
File: figures/gifs/png_sets/3dof-hit-255.png Graphic file (type bmp)
<figures/gifs/png_sets/3dof-hit-255.png>
<a0,fr255>
File: figures/gifs/png_sets/3dof-hit-256.png Graphic file (type bmp)
<figures/gifs/png_sets/3dof-hit-256.png>
<a0,fr256>
File: figures/gifs/png_sets/3dof-hit-257.png Graphic file (type bmp)
<figures/gifs/png_sets/3dof-hit-257.png>
<a0,fr257>
File: figures/gifs/png_sets/3dof-hit-258.png Graphic file (type bmp)
<figures/gifs/png_sets/3dof-hit-258.png>
<a0,fr258>
File: figures/gifs/png_sets/3dof-hit-259.png Graphic file (type bmp)
<figures/gifs/png_sets/3dof-hit-259.png>
<a0,fr259>
File: figures/gifs/png_sets/3dof-hit-260.png Graphic file (type bmp)
<figures/gifs/png_sets/3dof-hit-260.png>
<a0,fr260>
File: figures/gifs/png_sets/3dof-hit-261.png Graphic file (type bmp)
<figures/gifs/png_sets/3dof-hit-261.png>
<a0,fr261>
File: figures/gifs/png_sets/3dof-hit-262.png Graphic file (type bmp)
<figures/gifs/png_sets/3dof-hit-262.png>
<a0,fr262>
File: figures/gifs/png_sets/3dof-hit-263.png Graphic file (type bmp)
<figures/gifs/png_sets/3dof-hit-263.png>
<a0,fr263>
File: figures/gifs/png_sets/3dof-hit-264.png Graphic file (type bmp)
<figures/gifs/png_sets/3dof-hit-264.png>
<a0,fr264>
File: figures/gifs/png_sets/3dof-hit-265.png Graphic file (type bmp)
<figures/gifs/png_sets/3dof-hit-265.png>
<a0,fr265>
File: figures/gifs/png_sets/3dof-hit-266.png Graphic file (type bmp)
<figures/gifs/png_sets/3dof-hit-266.png>
<a0,fr266>
File: figures/gifs/png_sets/3dof-hit-267.png Graphic file (type bmp)
<figures/gifs/png_sets/3dof-hit-267.png>
<a0,fr267>
File: figures/gifs/png_sets/3dof-hit-268.png Graphic file (type bmp)
<figures/gifs/png_sets/3dof-hit-268.png>
<a0,fr268>
File: figures/gifs/png_sets/3dof-hit-269.png Graphic file (type bmp)
<figures/gifs/png_sets/3dof-hit-269.png>
<a0,fr269>
File: figures/gifs/png_sets/3dof-hit-270.png Graphic file (type bmp)
<figures/gifs/png_sets/3dof-hit-270.png>
<a0,fr270>
Overfull \hbox (6.79762pt too wide) in paragraph at lines 118--118
 [][] 
 []

File: figs/itmo_logo_rus_goriz_black.eps Graphic file (type eps)
<figs/itmo_logo_rus_goriz_black.eps>
[4

]
File: figs/itmo_logo_rus_goriz_black.eps Graphic file (type eps)
<figs/itmo_logo_rus_goriz_black.eps>
[5

]
File: figures/graph/configuration_space.pdf Graphic file (type pdf)
<use figures/graph/configuration_space.pdf>
File: figs/itmo_logo_rus_goriz_black.eps Graphic file (type eps)
<figs/itmo_logo_rus_goriz_black.eps>
[6

]
Overfull \hbox (5.74782pt too wide) detected at line 193
[][] \OT1/cmr/m/n/10.95 : \OMS/cmsy/m/n/10.95 Q ! \U/msb/m/n/10.95 R[]  \OMS/cm
sy/m/n/10.95 ([])  8[] 2 Q \OT1/cmr/m/n/10.95 : []([]) = 0
 []

File: figures/graph/torus.pdf Graphic file (type pdf)
<use figures/graph/torus.pdf>
File: figs/itmo_logo_rus_goriz_black.eps Graphic file (type eps)
<figs/itmo_logo_rus_goriz_black.eps>
[7

]
File: figures/prm-example.png Graphic file (type bmp)
<figures/prm-example.png>
File: figures/rrt-example.png Graphic file (type bmp)
<figures/rrt-example.png>
File: figs/itmo_logo_rus_goriz_black.eps Graphic file (type eps)
<figs/itmo_logo_rus_goriz_black.eps>
[8

]
Overfull \hbox (16.0376pt too wide) in paragraph at lines 235--235
 [] 
 []

File: figs/itmo_logo_rus_goriz_black.eps Graphic file (type eps)
<figs/itmo_logo_rus_goriz_black.eps>
[9

]

LaTeX Font Warning: Font shape `TU/ALSSchlangesans.ttf(0)/m/sc' undefined
(Font)              using `TU/ALSSchlangesans.ttf(0)/m/n' instead on input line
 295.

File: figures/graph/projection.pdf Graphic file (type pdf)
<use figures/graph/projection.pdf>
File: figs/itmo_logo_rus_goriz_black.eps Graphic file (type eps)
<figs/itmo_logo_rus_goriz_black.eps>

Overfull \vbox (0.90279pt too high) detected at line 295
 []

[10

]
File: figures/graph/projection.pdf Graphic file (type pdf)
<use figures/graph/projection.pdf>
File: figs/itmo_logo_rus_goriz_black.eps Graphic file (type eps)
<figs/itmo_logo_rus_goriz_black.eps>
[11

]
File: figures/graph/tb_sampling.pdf Graphic file (type pdf)
<use figures/graph/tb_sampling.pdf>
File: figs/itmo_logo_rus_goriz_black.eps Graphic file (type eps)
<figs/itmo_logo_rus_goriz_black.eps>
[12

]
File: figures/graph/tb_sampling.pdf Graphic file (type pdf)
<use figures/graph/tb_sampling.pdf>
File: figs/itmo_logo_rus_goriz_black.eps Graphic file (type eps)
<figs/itmo_logo_rus_goriz_black.eps>
[13

]
File: figures/graph/tb_sampling.pdf Graphic file (type pdf)
<use figures/graph/tb_sampling.pdf>
File: figs/itmo_logo_rus_goriz_black.eps Graphic file (type eps)
<figs/itmo_logo_rus_goriz_black.eps>
[14

]
File: figures/graph/atlas_sampling.pdf Graphic file (type pdf)
<use figures/graph/atlas_sampling.pdf>
File: figures/atlas_on_tor.png Graphic file (type bmp)
<figures/atlas_on_tor.png>
File: figs/itmo_logo_rus_goriz_black.eps Graphic file (type eps)
<figs/itmo_logo_rus_goriz_black.eps>
[15

]
File: figures/ur_coop.pdf Graphic file (type pdf)
<use figures/ur_coop.pdf>
File: figures/cup_constr.png Graphic file (type bmp)
<figures/cup_constr.png>

! LaTeX Error: Something's wrong--perhaps a missing \item.

See the LaTeX manual or LaTeX Companion for explanation.
Type  H <return>  for immediate help.
 ...                                              
                                                  
l.452 \end{frame}
                 
Try typing  <return>  to proceed.
If that doesn't work, type  X <return>  to quit.

File: figures/delta.png Graphic file (type bmp)
<figures/delta.png>

! LaTeX Error: Something's wrong--perhaps a missing \item.

See the LaTeX manual or LaTeX Companion for explanation.
Type  H <return>  for immediate help.
 ...                                              
                                                  
l.452 \end{frame}
                 
Try typing  <return>  to proceed.
If that doesn't work, type  X <return>  to quit.

File: figs/itmo_logo_rus_goriz_black.eps Graphic file (type eps)
<figs/itmo_logo_rus_goriz_black.eps>
[16

]
File: figures/graph/manifolds.pdf Graphic file (type pdf)
<use figures/graph/manifolds.pdf>
File: figs/itmo_logo_rus_goriz_black.eps Graphic file (type eps)
<figs/itmo_logo_rus_goriz_black.eps>
[17

]
File: figs/itmo_logo_rus_goriz_black.eps Graphic file (type eps)
<figs/itmo_logo_rus_goriz_black.eps>
[18

]
Underfull \hbox (badness 10000) in paragraph at lines 520--520
[]\TU/ALSSchlangesans.ttf(0)/b/n/10.95  -
 []


Underfull \hbox (badness 10000) in paragraph at lines 520--520
\TU/ALSSchlangesans.ttf(0)/b/n/10.95  -
 []


Underfull \hbox (badness 10000) in paragraph at lines 520--520
\TU/ALSSchlangesans.ttf(0)/b/n/10.95  
 []


Underfull \hbox (badness 10000) in paragraph at lines 520--520
[]\TU/ALSSchlangesans.ttf(0)/b/n/10.95  
 []


Underfull \hbox (badness 10000) in paragraph at lines 520--520
\TU/ALSSchlangesans.ttf(0)/b/n/10.95 ,
 []

File: figs/itmo_logo_rus_goriz_black.eps Graphic file (type eps)
<figs/itmo_logo_rus_goriz_black.eps>
[19

]
File: figs/itmo_logo_rus_goriz_black.eps Graphic file (type eps)
<figs/itmo_logo_rus_goriz_black.eps>
[20

]
\tf@nav=\write6
\openout6 = `Speach.nav'.

\tf@toc=\write7
\openout7 = `Speach.toc'.

\tf@snm=\write8
\openout8 = `Speach.snm'.

[21] (./Speach.aux)

LaTeX Font Warning: Some font shapes were not available, defaults substituted.


LaTeX Warning: Label(s) may have changed. Rerun to get cross-references right.


LaTeX Warning: Temporary extra page added at the end. Rerun to get it removed.


Package rerunfilecheck Warning: File `Speach.out' has changed.
(rerunfilecheck)                Rerun to get outlines right
(rerunfilecheck)                or use package `bookmark'.

Package rerunfilecheck Info: Checksums for `Speach.out':
(rerunfilecheck)             Before: D41D8CD98F00B204E9800998ECF8427E;0
(rerunfilecheck)             After:  B6CEC6499ECB69790D700223161033D4;700.
 ) 
Here is how much of TeX's memory you used:
 43965 strings out of 476191
 1043419 string characters out of 5812073
 1453426 words of memory out of 5000000
 63635 multiletter control sequences out of 15000+600000
 480593 words of font info for 101 fonts, out of 8000000 for 9000
 1348 hyphenation exceptions out of 8191
 128i,19n,122p,422b,1403s stack positions out of 5000i,500n,10000p,200000b,80000s

Output written on Speach.pdf (21 pages).
